Using pre-set license
Built from '2020.3/staging' branch; Version is '2020.3.28f1 (f5400f52e03f) revision 16072719'; Using compiler version '192528614'; Build Type 'Release'
OS: 'Windows 10  (10.0.19043) 64bit Professional' Language: 'pt' Physical Memory: 16267 MB
BatchMode: 1, IsHumanControllingUs: 0, StartBugReporterOnCrash: 0, Is64bit: 1, IsPro: 0

COMMAND LINE ARGUMENTS:
C:\Program Files\Unity\Hub\Editor\2020.3.28f1\Editor\Unity.exe
-adb2
-batchMode
-noUpm
-name
AssetImportWorker0
-projectPath
C:/GitHub/unityStudies/Projeto_Exemplo
-logFile
Logs/AssetImportWorker0.log
-srvPort
55322
Successfully changed project path to: C:/GitHub/unityStudies/Projeto_Exemplo
C:/GitHub/unityStudies/Projeto_Exemplo
Using Asset Import Pipeline V2.
Refreshing native plugins compatible for Editor in 46.88 ms, found 2 plugins.
Preloading 0 native plugins for Editor in 0.00 ms.
Initialize engine version: 2020.3.28f1 (f5400f52e03f)
[Subsystems] Discovering subsystems at path C:/Program Files/Unity/Hub/Editor/2020.3.28f1/Editor/Data/Resources/UnitySubsystems
[Subsystems] Discovering subsystems at path C:/GitHub/unityStudies/Projeto_Exemplo/Assets
GfxDevice: creating device client; threaded=0
Direct3D:
    Version:  Direct3D 11.0 [level 11.1]
    Renderer: NVIDIA GeForce GTX 1050 (ID=0x1c8d)
    Vendor:   
    VRAM:     4019 MB
    Driver:   30.0.15.1179
Initialize mono
Mono path[0] = 'C:/Program Files/Unity/Hub/Editor/2020.3.28f1/Editor/Data/Managed'
Mono path[1] = 'C:/Program Files/Unity/Hub/Editor/2020.3.28f1/Editor/Data/MonoBleedingEdge/lib/mono/unityjit'
Mono config path = 'C:/Program Files/Unity/Hub/Editor/2020.3.28f1/Editor/Data/MonoBleedingEdge/etc'
Using monoOptions --debugger-agent=transport=dt_socket,embedding=1,server=y,suspend=n,address=127.0.0.1:56924
Begin MonoManager ReloadAssembly
Registering precompiled unity dll's ...
Register platform support module: C:/Program Files/Unity/Hub/Editor/2020.3.28f1/Editor/Data/PlaybackEngines/WebGLSupport/UnityEditor.WebGL.Extensions.dll
Register platform support module: C:/Program Files/Unity/Hub/Editor/2020.3.28f1/Editor/Data/PlaybackEngines/MacStandaloneSupport/UnityEditor.OSXStandalone.Extensions.dll
Register platform support module: C:/Program Files/Unity/Hub/Editor/2020.3.28f1/Editor/Data/PlaybackEngines/WindowsStandaloneSupport/UnityEditor.WindowsStandalone.Extensions.dll
Register platform support module: C:/Program Files/Unity/Hub/Editor/2020.3.28f1/Editor/Data/PlaybackEngines/LinuxStandaloneSupport/UnityEditor.LinuxStandalone.Extensions.dll
Register platform support module: C:/Program Files/Unity/Hub/Editor/2020.3.28f1/Editor/Data/PlaybackEngines/LuminSupport/UnityEditor.Lumin.Extensions.dll
Registered in 0.010073 seconds.
Native extension for Lumin target not found
Native extension for LinuxStandalone target not found
Native extension for WindowsStandalone target not found
Native extension for OSXStandalone target not found
Native extension for WebGL target not found
Refreshing native plugins compatible for Editor in 52.01 ms, found 2 plugins.
Preloading 0 native plugins for Editor in 0.00 ms.
Mono: successfully reloaded assembly
- Completed reload, in  0.849 seconds
Domain Reload Profiling:
	ReloadAssembly (849ms)
		BeginReloadAssembly (109ms)
			ExecutionOrderSort (0ms)
			DisableScriptedObjects (0ms)
			BackupInstance (0ms)
			ReleaseScriptingObjects (0ms)
			CreateAndSetChildDomain (1ms)
		EndReloadAssembly (614ms)
			LoadAssemblies (107ms)
			RebuildTransferFunctionScriptingTraits (0ms)
			SetupTypeCache (194ms)
			ReleaseScriptCaches (0ms)
			RebuildScriptCaches (44ms)
			SetupLoadedEditorAssemblies (229ms)
				LogAssemblyErrors (0ms)
				InitializePlatformSupportModulesInManaged (11ms)
				SetLoadedEditorAssemblies (1ms)
				RefreshPlugins (52ms)
				BeforeProcessingInitializeOnLoad (18ms)
				ProcessInitializeOnLoadAttributes (111ms)
				ProcessInitializeOnLoadMethodAttributes (35ms)
				AfterProcessingInitializeOnLoad (0ms)
				EditorAssembliesLoaded (0ms)
			ExecutionOrderSort2 (0ms)
			AwakeInstancesAfterBackupRestoration (0ms)
Platform modules already initialized, skipping
Registering precompiled user dll's ...
Registered in 0.010554 seconds.
Begin MonoManager ReloadAssembly
Native extension for Lumin target not found
Native extension for LinuxStandalone target not found
Native extension for WindowsStandalone target not found
Native extension for OSXStandalone target not found
Native extension for WebGL target not found
Refreshing native plugins compatible for Editor in 0.43 ms, found 2 plugins.
Preloading 0 native plugins for Editor in 0.00 ms.
Mono: successfully reloaded assembly
- Completed reload, in  5.556 seconds
Domain Reload Profiling:
	ReloadAssembly (5558ms)
		BeginReloadAssembly (606ms)
			ExecutionOrderSort (0ms)
			DisableScriptedObjects (7ms)
			BackupInstance (0ms)
			ReleaseScriptingObjects (0ms)
			CreateAndSetChildDomain (28ms)
		EndReloadAssembly (4769ms)
			LoadAssemblies (470ms)
			RebuildTransferFunctionScriptingTraits (0ms)
			SetupTypeCache (500ms)
			ReleaseScriptCaches (0ms)
			RebuildScriptCaches (70ms)
			SetupLoadedEditorAssemblies (3664ms)
				LogAssemblyErrors (0ms)
				InitializePlatformSupportModulesInManaged (15ms)
				SetLoadedEditorAssemblies (1ms)
				RefreshPlugins (1ms)
				BeforeProcessingInitializeOnLoad (277ms)
				ProcessInitializeOnLoadAttributes (3276ms)
				ProcessInitializeOnLoadMethodAttributes (61ms)
				AfterProcessingInitializeOnLoad (33ms)
				EditorAssembliesLoaded (0ms)
			ExecutionOrderSort2 (0ms)
			AwakeInstancesAfterBackupRestoration (84ms)
Platform modules already initialized, skipping
========================================================================
Worker process is ready to serve import requests
Launched and connected shader compiler UnityShaderCompiler.exe after 0.85 seconds
Refreshing native plugins compatible for Editor in 0.48 ms, found 2 plugins.
Preloading 0 native plugins for Editor in 0.00 ms.
Unloading 1504 Unused Serialized files (Serialized files now loaded: 0)
System memory in use before: 85.1 MB.
System memory in use after: 85.1 MB.

Unloading 19 unused Assets to reduce memory usage. Loaded Objects now: 1957.
Total: 4.833800 ms (FindLiveObjects: 0.131800 ms CreateObjectMapping: 0.053500 ms MarkObjects: 4.539400 ms  DeleteObjects: 0.107600 ms)

AssetImportParameters requested are different than current active one (requested -> active):
  custom:framework-win-MediaFoundation: 216162199b28c13a410421893ffa2e32 -> 
  custom:video-decoder-ogg-theora: a1e56fd34408186e4bbccfd4996cb3dc -> 
  custom:container-muxer-webm: aa71ff27fc2769a1b78a27578f13a17b -> 
  custom:container-demuxer-webm: 4f35f7cbe854078d1ac9338744f61a02 -> 
  custom:container-demuxer-ogg: 62fdf1f143b41e24485cea50d1cbac27 -> 
  custom:video-encoder-webm-vp8: eb34c28f22e8b96e1ab97ce403110664 -> 
  custom:video-decoder-webm-vp8: 9c59270c3fd7afecdb556c50c9e8de78 -> 
  custom:audio-decoder-ogg-vorbis: bf7c407c2cedff20999df2af8eb42d56 -> 
  custom:audio-encoder-webm-vorbis: bf7c407c2cedff20999df2af8eb42d56 -> 
========================================================================
Received Import Request.
  path: Assets/Scripts
  artifactKey: Guid(e78d0a303d32a2c408b67b26b4e5d6ef) Importer(815301076,1909f56bfc062723c751e8b465ee728b)
Start importing Assets/Scripts using Guid(e78d0a303d32a2c408b67b26b4e5d6ef) Importer(815301076,1909f56bfc062723c751e8b465ee728b)  -> (artifact id: '4da9f3e76534f5922ebcbcbe53cf1a3f') in 0.007393 seconds 
  Import took 0.010179 seconds .

========================================================================
Received Import Request.
  Time since last request: 855.508631 seconds.
  path: Assets/Montains.asset
  artifactKey: Guid(74649d86258cb1246913c4b252a7023f) Importer(815301076,1909f56bfc062723c751e8b465ee728b)
Start importing Assets/Montains.asset using Guid(74649d86258cb1246913c4b252a7023f) Importer(815301076,1909f56bfc062723c751e8b465ee728b)  -> (artifact id: '228a4d403afd8507477849e88e69ef31') in 0.127753 seconds 
  Import took 0.133130 seconds .

========================================================================
Received Import Request.
  Time since last request: 7.200786 seconds.
  path: Assets/Mountains.asset
  artifactKey: Guid(74649d86258cb1246913c4b252a7023f) Importer(815301076,1909f56bfc062723c751e8b465ee728b)
Start importing Assets/Mountains.asset using Guid(74649d86258cb1246913c4b252a7023f) Importer(815301076,1909f56bfc062723c751e8b465ee728b)  -> (artifact id: '2add57e23cd5083a75bcec5d9a624252') in 0.032635 seconds 
  Import took 0.041573 seconds .

========================================================================
Received Import Request.
  Time since last request: 621.039068 seconds.
  path: Assets/Mountains.asset
  artifactKey: Guid(74649d86258cb1246913c4b252a7023f) Importer(815301076,1909f56bfc062723c751e8b465ee728b)
Start importing Assets/Mountains.asset using Guid(74649d86258cb1246913c4b252a7023f) Importer(815301076,1909f56bfc062723c751e8b465ee728b)  -> (artifact id: '2ca10f0816c6a970816a20726b3fed6e') in 0.039632 seconds 
  Import took 0.044951 seconds .

========================================================================
Received Prepare
Registering precompiled user dll's ...
Registered in 0.010748 seconds.
Begin MonoManager ReloadAssembly
Native extension for Lumin target not found
Native extension for LinuxStandalone target not found
Native extension for WindowsStandalone target not found
Native extension for OSXStandalone target not found
Native extension for WebGL target not found
Refreshing native plugins compatible for Editor in 0.43 ms, found 2 plugins.
Preloading 0 native plugins for Editor in 0.00 ms.
Mono: successfully reloaded assembly
- Completed reload, in  1.818 seconds
Domain Reload Profiling:
	ReloadAssembly (1818ms)
		BeginReloadAssembly (210ms)
			ExecutionOrderSort (0ms)
			DisableScriptedObjects (19ms)
			BackupInstance (0ms)
			ReleaseScriptingObjects (0ms)
			CreateAndSetChildDomain (59ms)
		EndReloadAssembly (1524ms)
			LoadAssemblies (154ms)
			RebuildTransferFunctionScriptingTraits (0ms)
			SetupTypeCache (546ms)
			ReleaseScriptCaches (2ms)
			RebuildScriptCaches (106ms)
			SetupLoadedEditorAssemblies (533ms)
				LogAssemblyErrors (0ms)
				InitializePlatformSupportModulesInManaged (16ms)
				SetLoadedEditorAssemblies (1ms)
				RefreshPlugins (1ms)
				BeforeProcessingInitializeOnLoad (169ms)
				ProcessInitializeOnLoadAttributes (311ms)
				ProcessInitializeOnLoadMethodAttributes (14ms)
				AfterProcessingInitializeOnLoad (22ms)
				EditorAssembliesLoaded (0ms)
			ExecutionOrderSort2 (0ms)
			AwakeInstancesAfterBackupRestoration (12ms)
Platform modules already initialized, skipping
Refreshing native plugins compatible for Editor in 0.40 ms, found 2 plugins.
Preloading 0 native plugins for Editor in 0.00 ms.
Unloading 1499 Unused Serialized files (Serialized files now loaded: 0)
System memory in use before: 85.1 MB.
System memory in use after: 85.2 MB.

Unloading 14 unused Assets to reduce memory usage. Loaded Objects now: 1961.
Total: 3.282800 ms (FindLiveObjects: 0.131400 ms CreateObjectMapping: 0.058700 ms MarkObjects: 3.068400 ms  DeleteObjects: 0.023200 ms)

AssetImportParameters requested are different than current active one (requested -> active):
  custom:framework-win-MediaFoundation: 216162199b28c13a410421893ffa2e32 -> 
  custom:video-decoder-ogg-theora: a1e56fd34408186e4bbccfd4996cb3dc -> 
  custom:container-muxer-webm: aa71ff27fc2769a1b78a27578f13a17b -> 
  custom:container-demuxer-webm: 4f35f7cbe854078d1ac9338744f61a02 -> 
  custom:container-demuxer-ogg: 62fdf1f143b41e24485cea50d1cbac27 -> 
  custom:video-encoder-webm-vp8: eb34c28f22e8b96e1ab97ce403110664 -> 
  custom:video-decoder-webm-vp8: 9c59270c3fd7afecdb556c50c9e8de78 -> 
  custom:audio-decoder-ogg-vorbis: bf7c407c2cedff20999df2af8eb42d56 -> 
  custom:audio-encoder-webm-vorbis: bf7c407c2cedff20999df2af8eb42d56 -> 
========================================================================
Received Import Request.
  Time since last request: 206.274254 seconds.
  path: Assets/New Render Texture.renderTexture
  artifactKey: Guid(f5cccc49b90105b449dc0fffbe187ddd) Importer(815301076,1909f56bfc062723c751e8b465ee728b)
Start importing Assets/New Render Texture.renderTexture using Guid(f5cccc49b90105b449dc0fffbe187ddd) Importer(815301076,1909f56bfc062723c751e8b465ee728b)  -> (artifact id: '9ce67e4e4371b5896b456db17124a29c') in 0.077476 seconds 
  Import took 0.080930 seconds .

========================================================================
Received Import Request.
  Time since last request: 221.063417 seconds.
  path: Assets/NewLayer 1.terrainlayer
  artifactKey: Guid(18b8465b06b38c14eb5d4af4f416524c) Importer(815301076,1909f56bfc062723c751e8b465ee728b)
Start importing Assets/NewLayer 1.terrainlayer using Guid(18b8465b06b38c14eb5d4af4f416524c) Importer(815301076,1909f56bfc062723c751e8b465ee728b)  -> (artifact id: '04692ec5202d0d0d8a6550f3954be246') in 0.138116 seconds 
  Import took 0.146913 seconds .

========================================================================
Received Import Request.
  Time since last request: 0.000392 seconds.
  path: Assets/Mountains.asset
  artifactKey: Guid(74649d86258cb1246913c4b252a7023f) Importer(815301076,1909f56bfc062723c751e8b465ee728b)
Start importing Assets/Mountains.asset using Guid(74649d86258cb1246913c4b252a7023f) Importer(815301076,1909f56bfc062723c751e8b465ee728b)  -> (artifact id: '26a3f9fe867511d2fa88d4a111915569') in 0.089249 seconds 
  Import took 0.093781 seconds .

========================================================================
Received Import Request.
  Time since last request: 87.249838 seconds.
  path: Assets/Ground textures pack/Ground & rocks 02/Ground & rocks pattern 02.mat
  artifactKey: Guid(e7268e596932cb541834f57d320a4677) Importer(815301076,1909f56bfc062723c751e8b465ee728b)
Start importing Assets/Ground textures pack/Ground & rocks 02/Ground & rocks pattern 02.mat using Guid(e7268e596932cb541834f57d320a4677) Importer(815301076,1909f56bfc062723c751e8b465ee728b)  -> (artifact id: '2b17209f9c7151b46dd3d85dd3d4932c') in 0.744684 seconds 
  Import took 0.750266 seconds .

========================================================================
Received Import Request.
  Time since last request: 318.973288 seconds.
  path: Assets/Ground textures pack/Ground & rocks 02/diffuse.tga
  artifactKey: Guid(3787ecf31b318914f908bb48537ebf10) Importer(815301076,1909f56bfc062723c751e8b465ee728b)
Start importing Assets/Ground textures pack/Ground & rocks 02/diffuse.tga using Guid(3787ecf31b318914f908bb48537ebf10) Importer(815301076,1909f56bfc062723c751e8b465ee728b)  -> (artifact id: '2cc16deba12ff614e4dfd0fe0b48c685') in 0.072070 seconds 
  Import took 0.086461 seconds .

========================================================================
Received Import Request.
  Time since last request: 128.231374 seconds.
  path: Assets/Ground textures pack/Ground & rocks 02/diffuse.tga
  artifactKey: Guid(3787ecf31b318914f908bb48537ebf10) Importer(815301076,1909f56bfc062723c751e8b465ee728b)
Start importing Assets/Ground textures pack/Ground & rocks 02/diffuse.tga using Guid(3787ecf31b318914f908bb48537ebf10) Importer(815301076,1909f56bfc062723c751e8b465ee728b)  -> (artifact id: 'ed69e9cca3191bd1ab762e2f459093f7') in 0.039211 seconds 
  Import took 0.062197 seconds .

========================================================================
Received Prepare
Registering precompiled user dll's ...
Registered in 0.010619 seconds.
Begin MonoManager ReloadAssembly
Native extension for Lumin target not found
Native extension for LinuxStandalone target not found
Native extension for WindowsStandalone target not found
Native extension for OSXStandalone target not found
Native extension for WebGL target not found
Refreshing native plugins compatible for Editor in 0.46 ms, found 2 plugins.
Preloading 0 native plugins for Editor in 0.00 ms.
Mono: successfully reloaded assembly
- Completed reload, in  2.643 seconds
Domain Reload Profiling:
	ReloadAssembly (2644ms)
		BeginReloadAssembly (276ms)
			ExecutionOrderSort (0ms)
			DisableScriptedObjects (7ms)
			BackupInstance (0ms)
			ReleaseScriptingObjects (0ms)
			CreateAndSetChildDomain (61ms)
		EndReloadAssembly (2230ms)
			LoadAssemblies (209ms)
			RebuildTransferFunctionScriptingTraits (0ms)
			SetupTypeCache (1533ms)
			ReleaseScriptCaches (1ms)
			RebuildScriptCaches (49ms)
			SetupLoadedEditorAssemblies (366ms)
				LogAssemblyErrors (0ms)
				InitializePlatformSupportModulesInManaged (11ms)
				SetLoadedEditorAssemblies (1ms)
				RefreshPlugins (1ms)
				BeforeProcessingInitializeOnLoad (123ms)
				ProcessInitializeOnLoadAttributes (207ms)
				ProcessInitializeOnLoadMethodAttributes (9ms)
				AfterProcessingInitializeOnLoad (14ms)
				EditorAssembliesLoaded (0ms)
			ExecutionOrderSort2 (0ms)
			AwakeInstancesAfterBackupRestoration (7ms)
Platform modules already initialized, skipping
Refreshing native plugins compatible for Editor in 0.41 ms, found 2 plugins.
Preloading 0 native plugins for Editor in 0.00 ms.
Unloading 1513 Unused Serialized files (Serialized files now loaded: 0)
System memory in use before: 147.0 MB.
System memory in use after: 91.1 MB.

Unloading 26 unused Assets to reduce memory usage. Loaded Objects now: 2010.
Total: 6.269700 ms (FindLiveObjects: 0.132900 ms CreateObjectMapping: 0.048700 ms MarkObjects: 2.719100 ms  DeleteObjects: 3.368000 ms)

AssetImportParameters requested are different than current active one (requested -> active):
  custom:framework-win-MediaFoundation: 216162199b28c13a410421893ffa2e32 -> 
  custom:video-decoder-ogg-theora: a1e56fd34408186e4bbccfd4996cb3dc -> 
  custom:container-muxer-webm: aa71ff27fc2769a1b78a27578f13a17b -> 
  custom:container-demuxer-webm: 4f35f7cbe854078d1ac9338744f61a02 -> 
  custom:container-demuxer-ogg: 62fdf1f143b41e24485cea50d1cbac27 -> 
  custom:video-encoder-webm-vp8: eb34c28f22e8b96e1ab97ce403110664 -> 
  custom:video-decoder-webm-vp8: 9c59270c3fd7afecdb556c50c9e8de78 -> 
  custom:audio-decoder-ogg-vorbis: bf7c407c2cedff20999df2af8eb42d56 -> 
  custom:audio-encoder-webm-vorbis: bf7c407c2cedff20999df2af8eb42d56 -> 
========================================================================
Received Import Request.
  Time since last request: 829.637255 seconds.
  path: Assets/Polytope Studio/Lowpoly Medieval Demos/Environment_Free/FENCE.prefab
  artifactKey: Guid(f16f39bd1be9d4140ad0cd32366b3c89) Importer(815301076,1909f56bfc062723c751e8b465ee728b)
Start importing Assets/Polytope Studio/Lowpoly Medieval Demos/Environment_Free/FENCE.prefab using Guid(f16f39bd1be9d4140ad0cd32366b3c89) Importer(815301076,1909f56bfc062723c751e8b465ee728b)  -> (artifact id: 'b5f1e9f6e336be0a7fd4872385f0f6df') in 0.105821 seconds 
  Import took 0.110514 seconds .

========================================================================
Received Import Request.
  Time since last request: 0.000285 seconds.
  path: Assets/Polytope Studio/Lowpoly Medieval Demos/Environment_Free/PT_Generic_Tree_Leaves_mat 1.mat
  artifactKey: Guid(e58dbc3582eb6ff41b1bbd8a11960175) Importer(815301076,1909f56bfc062723c751e8b465ee728b)
Start importing Assets/Polytope Studio/Lowpoly Medieval Demos/Environment_Free/PT_Generic_Tree_Leaves_mat 1.mat using Guid(e58dbc3582eb6ff41b1bbd8a11960175) Importer(815301076,1909f56bfc062723c751e8b465ee728b)  -> (artifact id: '98b073e7c72e9c5361b41eceaf121dec') in 0.949787 seconds 
  Import took 0.953084 seconds .

========================================================================
Received Import Request.
  Time since last request: 0.000209 seconds.
  path: Assets/Polytope Studio/Lowpoly Medieval Demos/Environment_Free/Ground_Layer_02.terrainlayer
  artifactKey: Guid(f7ce30ec9b280b34cacb1a1005349890) Importer(815301076,1909f56bfc062723c751e8b465ee728b)
Start importing Assets/Polytope Studio/Lowpoly Medieval Demos/Environment_Free/Ground_Layer_02.terrainlayer using Guid(f7ce30ec9b280b34cacb1a1005349890) Importer(815301076,1909f56bfc062723c751e8b465ee728b)  -> (artifact id: '5baac0c62cec6d7a604ffc39a501d53b') in 0.076864 seconds 
  Import took 0.080817 seconds .

========================================================================
Received Import Request.
  Time since last request: 0.000233 seconds.
  path: Assets/Polytope Studio/Lowpoly Medieval Demos/Environment_Free/PostProcessing.asset
  artifactKey: Guid(af22d70a6c38a4b40b45fe694bf97376) Importer(815301076,1909f56bfc062723c751e8b465ee728b)
Start importing Assets/Polytope Studio/Lowpoly Medieval Demos/Environment_Free/PostProcessing.asset using Guid(af22d70a6c38a4b40b45fe694bf97376) Importer(815301076,1909f56bfc062723c751e8b465ee728b)  -> (artifact id: 'bedb52a85d1fafe3d4eba2ec6de4ada5') in 0.012129 seconds 
  Import took 0.015581 seconds .

========================================================================
Received Import Request.
  Time since last request: 0.000199 seconds.
  path: Assets/Polytope Studio/Lowpoly Medieval Demos/Environment_Free/Plane mat.mat
  artifactKey: Guid(4c216a70af6ef22419431af877580ddb) Importer(815301076,1909f56bfc062723c751e8b465ee728b)
Start importing Assets/Polytope Studio/Lowpoly Medieval Demos/Environment_Free/Plane mat.mat using Guid(4c216a70af6ef22419431af877580ddb) Importer(815301076,1909f56bfc062723c751e8b465ee728b)  -> (artifact id: '22115d5f6c440a683821d614d5f85e56') in 0.036036 seconds 
  Import took 0.041102 seconds .

========================================================================
Received Import Request.
  Time since last request: 0.000240 seconds.
  path: Assets/Polytope Studio/Lowpoly Medieval Demos/Environment_Free/Ground_Layer_01.terrainlayer
  artifactKey: Guid(52ac57c2c14c60b4d88913beb57dce00) Importer(815301076,1909f56bfc062723c751e8b465ee728b)
Start importing Assets/Polytope Studio/Lowpoly Medieval Demos/Environment_Free/Ground_Layer_01.terrainlayer using Guid(52ac57c2c14c60b4d88913beb57dce00) Importer(815301076,1909f56bfc062723c751e8b465ee728b)  -> (artifact id: 'ce8774ae5b6695280ca8858de4d356b0') in 0.032418 seconds 
  Import took 0.036334 seconds .

========================================================================
Received Import Request.
  Time since last request: 0.000298 seconds.
  path: Assets/Polytope Studio/Lowpoly Medieval Demos/Environment_Free/PT_Generic_Tree_Leaves_mat 2.mat
  artifactKey: Guid(40e61747f5ab72d409498dd1603b8289) Importer(815301076,1909f56bfc062723c751e8b465ee728b)
Start importing Assets/Polytope Studio/Lowpoly Medieval Demos/Environment_Free/PT_Generic_Tree_Leaves_mat 2.mat using Guid(40e61747f5ab72d409498dd1603b8289) Importer(815301076,1909f56bfc062723c751e8b465ee728b)  -> (artifact id: 'ed121858bac755761800742d3f32efbc') in 0.035189 seconds 
  Import took 0.039139 seconds .

========================================================================
Received Import Request.
  Time since last request: 4.630893 seconds.
  path: Assets/Polytope Studio/Lowpoly Medieval Environments/Sources/Textures/PT_Fruit_Tree_Flowers_01.png
  artifactKey: Guid(724a83e90c1cd7b4b9d1b71dd08962b6) Importer(815301076,1909f56bfc062723c751e8b465ee728b)
Start importing Assets/Polytope Studio/Lowpoly Medieval Environments/Sources/Textures/PT_Fruit_Tree_Flowers_01.png using Guid(724a83e90c1cd7b4b9d1b71dd08962b6) Importer(815301076,1909f56bfc062723c751e8b465ee728b)  -> (artifact id: '5d1f673034a28e2ad8ebd0825a6042f0') in 0.110527 seconds 
  Import took 0.113941 seconds .

========================================================================
Received Import Request.
  Time since last request: 0.725689 seconds.
  path: Assets/Polytope Studio/Lowpoly Medieval Environments/Sources/Textures/PT_Generic_Leaves_01.png
  artifactKey: Guid(55a083d549e055045948e2083099df16) Importer(815301076,1909f56bfc062723c751e8b465ee728b)
Start importing Assets/Polytope Studio/Lowpoly Medieval Environments/Sources/Textures/PT_Generic_Leaves_01.png using Guid(55a083d549e055045948e2083099df16) Importer(815301076,1909f56bfc062723c751e8b465ee728b)  -> (artifact id: 'ac08ed2ff01dd668d894d9ccf2862c23') in 0.054728 seconds 
  Import took 0.064736 seconds .

========================================================================
Received Import Request.
  Time since last request: 13.340371 seconds.
  path: Assets/Polytope Studio/Lowpoly Medieval Environments/Prefabs/Flowers/PT_Poppy_02.prefab
  artifactKey: Guid(2b66385ecc3e6b34e82ee78058e90aea) Importer(815301076,1909f56bfc062723c751e8b465ee728b)
Start importing Assets/Polytope Studio/Lowpoly Medieval Environments/Prefabs/Flowers/PT_Poppy_02.prefab using Guid(2b66385ecc3e6b34e82ee78058e90aea) Importer(815301076,1909f56bfc062723c751e8b465ee728b)  -> (artifact id: '5a02cc7de50f6249784f939f4903a826') in 0.720370 seconds 
  Import took 0.725525 seconds .

========================================================================
Received Import Request.
  Time since last request: 2.271742 seconds.
  path: Assets/Polytope Studio/Lowpoly Medieval Environments/Prefabs/Mushrooms/PT_Caesars_Mushroom_01.prefab
  artifactKey: Guid(61982c2c99063e44e9e4646d763c0439) Importer(815301076,1909f56bfc062723c751e8b465ee728b)
Start importing Assets/Polytope Studio/Lowpoly Medieval Environments/Prefabs/Mushrooms/PT_Caesars_Mushroom_01.prefab using Guid(61982c2c99063e44e9e4646d763c0439) Importer(815301076,1909f56bfc062723c751e8b465ee728b)  -> (artifact id: '3bb7a7428bd633ae8f51648b87d2569b') in 0.644744 seconds 
  Import took 0.648512 seconds .

========================================================================
Received Import Request.
  Time since last request: 0.000239 seconds.
  path: Assets/Polytope Studio/Lowpoly Medieval Environments/Prefabs/Rocks/PT_Generic_Rock_01.prefab
  artifactKey: Guid(16cfe0f76e1afc24ca16a7080d66f082) Importer(815301076,1909f56bfc062723c751e8b465ee728b)
Start importing Assets/Polytope Studio/Lowpoly Medieval Environments/Prefabs/Rocks/PT_Generic_Rock_01.prefab using Guid(16cfe0f76e1afc24ca16a7080d66f082) Importer(815301076,1909f56bfc062723c751e8b465ee728b)  -> (artifact id: '36991e020fc78baa4ee8d54387f437ac') in 0.713853 seconds 
  Import took 0.720701 seconds .

========================================================================
Received Import Request.
  Time since last request: 0.000208 seconds.
  path: Assets/Polytope Studio/Lowpoly Medieval Environments/Prefabs/Rocks/PT_River_Rock_Pile_02.prefab
  artifactKey: Guid(877b08f512178384dadca8cf28e31a7e) Importer(815301076,1909f56bfc062723c751e8b465ee728b)
Start importing Assets/Polytope Studio/Lowpoly Medieval Environments/Prefabs/Rocks/PT_River_Rock_Pile_02.prefab using Guid(877b08f512178384dadca8cf28e31a7e) Importer(815301076,1909f56bfc062723c751e8b465ee728b)  -> (artifact id: 'ffb54fac7f3b656ca4c62d70fdabe1c4') in 0.149247 seconds 
  Import took 0.155744 seconds .

========================================================================
Received Import Request.
  Time since last request: 0.001196 seconds.
  path: Assets/Polytope Studio/Lowpoly Medieval Environments/Prefabs/Rocks/PT_Ore_Rock_01_split.prefab
  artifactKey: Guid(08dc6dea988fc6d4db0c50c111bd77dc) Importer(815301076,1909f56bfc062723c751e8b465ee728b)
Start importing Assets/Polytope Studio/Lowpoly Medieval Environments/Prefabs/Rocks/PT_Ore_Rock_01_split.prefab using Guid(08dc6dea988fc6d4db0c50c111bd77dc) Importer(815301076,1909f56bfc062723c751e8b465ee728b)  -> (artifact id: '4b36ed9fe20048450990b457d32b59f2') in 0.099044 seconds 
  Import took 0.108395 seconds .

========================================================================
Received Import Request.
  Time since last request: 0.000257 seconds.
  path: Assets/Polytope Studio/Lowpoly Medieval Environments/Prefabs/Rocks/PT_Menhir_Rock_02.prefab
  artifactKey: Guid(335946c4528dd1e4cb26cd4893d8ac70) Importer(815301076,1909f56bfc062723c751e8b465ee728b)
Start importing Assets/Polytope Studio/Lowpoly Medieval Environments/Prefabs/Rocks/PT_Menhir_Rock_02.prefab using Guid(335946c4528dd1e4cb26cd4893d8ac70) Importer(815301076,1909f56bfc062723c751e8b465ee728b)  -> (artifact id: '74bbad559ef5132d9a2b2ef677559d66') in 0.090926 seconds 
  Import took 0.096332 seconds .

========================================================================
Received Import Request.
  Time since last request: 0.000197 seconds.
  path: Assets/Polytope Studio/Lowpoly Medieval Environments/Prefabs/Rocks/PT_Ore_Rock_01.prefab
  artifactKey: Guid(675e0383b4293ad40b957d549c5db668) Importer(815301076,1909f56bfc062723c751e8b465ee728b)
Start importing Assets/Polytope Studio/Lowpoly Medieval Environments/Prefabs/Rocks/PT_Ore_Rock_01.prefab using Guid(675e0383b4293ad40b957d549c5db668) Importer(815301076,1909f56bfc062723c751e8b465ee728b)  -> (artifact id: '824aef7531d9e5d744d3713f94acd8f5') in 0.085187 seconds 
  Import took 0.102905 seconds .

========================================================================
Received Import Request.
  Time since last request: 1.736847 seconds.
  path: Assets/Polytope Studio/Lowpoly Medieval Environments/Prefabs/Shrubs/PT_Generic_Shrub_01_dead.prefab
  artifactKey: Guid(06d032abe82fad741b5025b9013bb63a) Importer(815301076,1909f56bfc062723c751e8b465ee728b)
Start importing Assets/Polytope Studio/Lowpoly Medieval Environments/Prefabs/Shrubs/PT_Generic_Shrub_01_dead.prefab using Guid(06d032abe82fad741b5025b9013bb63a) Importer(815301076,1909f56bfc062723c751e8b465ee728b)  -> (artifact id: '055647ef6aea2e5e9426b50856358ed6') in 0.031857 seconds 
  Import took 0.036841 seconds .

========================================================================
Received Import Request.
  Time since last request: 0.000384 seconds.
  path: Assets/Polytope Studio/Lowpoly Medieval Environments/Prefabs/Shrubs/PT_Generic_Shrub_01_green.prefab
  artifactKey: Guid(ee612942e9d74fe4baea785dfe2eaa52) Importer(815301076,1909f56bfc062723c751e8b465ee728b)
Start importing Assets/Polytope Studio/Lowpoly Medieval Environments/Prefabs/Shrubs/PT_Generic_Shrub_01_green.prefab using Guid(ee612942e9d74fe4baea785dfe2eaa52) Importer(815301076,1909f56bfc062723c751e8b465ee728b)  -> (artifact id: '8a439edeb3de4aa6eb2646ee3e81b01b') in 0.053756 seconds 
  Import took 0.058192 seconds .

========================================================================
Received Import Request.
  Time since last request: 0.331751 seconds.
  path: Assets/Polytope Studio/Lowpoly Medieval Environments/Prefabs/Trees/PT_Fruit_Tree_01_apples.prefab
  artifactKey: Guid(fe0c38f5305f2e14ca7e033eed8192aa) Importer(815301076,1909f56bfc062723c751e8b465ee728b)
Start importing Assets/Polytope Studio/Lowpoly Medieval Environments/Prefabs/Trees/PT_Fruit_Tree_01_apples.prefab using Guid(fe0c38f5305f2e14ca7e033eed8192aa) Importer(815301076,1909f56bfc062723c751e8b465ee728b)  -> (artifact id: 'cc5855dd3a0c08ef6c25bdb0b7dc0d14') in 0.043720 seconds 
  Import took 0.047882 seconds .

========================================================================
Received Import Request.
  Time since last request: 0.000242 seconds.
  path: Assets/Polytope Studio/Lowpoly Medieval Environments/Prefabs/Trees/PT_Pine_Tree_03_stump.prefab
  artifactKey: Guid(7d2041206c208f54991b199315b8f7a8) Importer(815301076,1909f56bfc062723c751e8b465ee728b)
Start importing Assets/Polytope Studio/Lowpoly Medieval Environments/Prefabs/Trees/PT_Pine_Tree_03_stump.prefab using Guid(7d2041206c208f54991b199315b8f7a8) Importer(815301076,1909f56bfc062723c751e8b465ee728b)  -> (artifact id: 'cf8d59e4b8382d53fa1b87da36093d51') in 0.062191 seconds 
  Import took 0.065710 seconds .

========================================================================
Received Import Request.
  Time since last request: 0.000239 seconds.
  path: Assets/Polytope Studio/Lowpoly Medieval Environments/Prefabs/Trees/PT_Fruit_Tree_01_pears.prefab
  artifactKey: Guid(a2e14d87834a62041a457f0dcc62b265) Importer(815301076,1909f56bfc062723c751e8b465ee728b)
Start importing Assets/Polytope Studio/Lowpoly Medieval Environments/Prefabs/Trees/PT_Fruit_Tree_01_pears.prefab using Guid(a2e14d87834a62041a457f0dcc62b265) Importer(815301076,1909f56bfc062723c751e8b465ee728b)  -> (artifact id: 'c9a90109dfbf5f4228d02db7a31fa411') in 0.052563 seconds 
  Import took 0.056341 seconds .

========================================================================
Received Import Request.
  Time since last request: 0.001344 seconds.
  path: Assets/Polytope Studio/Lowpoly Medieval Environments/Prefabs/Trees/PT_Pine_Tree_03_dead_cut.prefab
  artifactKey: Guid(7bbef63b5bd52bc4bb03cdc6cbb94a6f) Importer(815301076,1909f56bfc062723c751e8b465ee728b)
Start importing Assets/Polytope Studio/Lowpoly Medieval Environments/Prefabs/Trees/PT_Pine_Tree_03_dead_cut.prefab using Guid(7bbef63b5bd52bc4bb03cdc6cbb94a6f) Importer(815301076,1909f56bfc062723c751e8b465ee728b)  -> (artifact id: 'ae077fb8ef3bf0bfee7ed093f5971f30') in 0.034039 seconds 
  Import took 0.043817 seconds .

========================================================================
Received Import Request.
  Time since last request: 0.000216 seconds.
  path: Assets/Polytope Studio/Lowpoly Medieval Environments/Prefabs/Trees/PT_Fruit_Tree_01_green_cut.prefab
  artifactKey: Guid(021bfbcf15abb7543a51a487fa1c05ef) Importer(815301076,1909f56bfc062723c751e8b465ee728b)
Start importing Assets/Polytope Studio/Lowpoly Medieval Environments/Prefabs/Trees/PT_Fruit_Tree_01_green_cut.prefab using Guid(021bfbcf15abb7543a51a487fa1c05ef) Importer(815301076,1909f56bfc062723c751e8b465ee728b)  -> (artifact id: '796d7d618d570d29918de2db3634a546') in 0.055583 seconds 
  Import took 0.059872 seconds .

========================================================================
Received Import Request.
  Time since last request: 0.000388 seconds.
  path: Assets/Polytope Studio/Lowpoly Medieval Environments/Prefabs/Trees/PT_Pine_Tree_03_green_cut.prefab
  artifactKey: Guid(20613689bafb4544cb770f64d1a03714) Importer(815301076,1909f56bfc062723c751e8b465ee728b)
Start importing Assets/Polytope Studio/Lowpoly Medieval Environments/Prefabs/Trees/PT_Pine_Tree_03_green_cut.prefab using Guid(20613689bafb4544cb770f64d1a03714) Importer(815301076,1909f56bfc062723c751e8b465ee728b)  -> (artifact id: 'da91f3fef48cd0082b038dcd41b45932') in 0.045095 seconds 
  Import took 0.049085 seconds .

========================================================================
Received Import Request.
  Time since last request: 0.000217 seconds.
  path: Assets/Polytope Studio/Lowpoly Medieval Environments/Prefabs/Trees/PT_Fruit_Tree_01_plums.prefab
  artifactKey: Guid(c80fbf850ad97a34694544deb65b7fa2) Importer(815301076,1909f56bfc062723c751e8b465ee728b)
Start importing Assets/Polytope Studio/Lowpoly Medieval Environments/Prefabs/Trees/PT_Fruit_Tree_01_plums.prefab using Guid(c80fbf850ad97a34694544deb65b7fa2) Importer(815301076,1909f56bfc062723c751e8b465ee728b)  -> (artifact id: '583cf9e8b88ff372896fb67111d3fdc1') in 0.051128 seconds 
  Import took 0.054912 seconds .

========================================================================
Received Import Request.
  Time since last request: 0.000201 seconds.
  path: Assets/Polytope Studio/Lowpoly Medieval Environments/Prefabs/Trees/PT_Fruit_Tree_01_dead.prefab
  artifactKey: Guid(3ad58da949d5de343b7c21cee04361ce) Importer(815301076,1909f56bfc062723c751e8b465ee728b)
Start importing Assets/Polytope Studio/Lowpoly Medieval Environments/Prefabs/Trees/PT_Fruit_Tree_01_dead.prefab using Guid(3ad58da949d5de343b7c21cee04361ce) Importer(815301076,1909f56bfc062723c751e8b465ee728b)  -> (artifact id: 'a85de7049e7512bf8a5f8e17177abb54') in 0.036500 seconds 
  Import took 0.039950 seconds .

========================================================================
Received Import Request.
  Time since last request: 0.000232 seconds.
  path: Assets/Polytope Studio/Lowpoly Medieval Environments/Prefabs/Trees/PT_Pine_Tree_03_green.prefab
  artifactKey: Guid(ceda9be89f930ac42b32ff5ae10598cd) Importer(815301076,1909f56bfc062723c751e8b465ee728b)
Start importing Assets/Polytope Studio/Lowpoly Medieval Environments/Prefabs/Trees/PT_Pine_Tree_03_green.prefab using Guid(ceda9be89f930ac42b32ff5ae10598cd) Importer(815301076,1909f56bfc062723c751e8b465ee728b)  -> (artifact id: '3868cbd9ba48f909bbef939b8a8f0b8f') in 0.042694 seconds 
  Import took 0.049067 seconds .

========================================================================
Received Import Request.
  Time since last request: 0.000399 seconds.
  path: Assets/Polytope Studio/Lowpoly Medieval Environments/Prefabs/Trees/PT_Fruit_Tree_01_stump.prefab
  artifactKey: Guid(a917f6843cc222145828cefe2f799e67) Importer(815301076,1909f56bfc062723c751e8b465ee728b)
Start importing Assets/Polytope Studio/Lowpoly Medieval Environments/Prefabs/Trees/PT_Fruit_Tree_01_stump.prefab using Guid(a917f6843cc222145828cefe2f799e67) Importer(815301076,1909f56bfc062723c751e8b465ee728b)  -> (artifact id: '9c5c8789eeee2a102c1365bf92a73e9e') in 0.044291 seconds 
  Import took 0.051535 seconds .

========================================================================
Received Import Request.
  Time since last request: 0.000214 seconds.
  path: Assets/Polytope Studio/Lowpoly Medieval Environments/Prefabs/Trees/PT_Pine_Tree_03_dead.prefab
  artifactKey: Guid(787d900468610e0488384494dc77d1b1) Importer(815301076,1909f56bfc062723c751e8b465ee728b)
Start importing Assets/Polytope Studio/Lowpoly Medieval Environments/Prefabs/Trees/PT_Pine_Tree_03_dead.prefab using Guid(787d900468610e0488384494dc77d1b1) Importer(815301076,1909f56bfc062723c751e8b465ee728b)  -> (artifact id: 'd757d9c33f8593e14e1f33896fe3fe68') in 0.041489 seconds 
  Import took 0.045507 seconds .

========================================================================
Received Import Request.
  Time since last request: 0.000194 seconds.
  path: Assets/Polytope Studio/Lowpoly Medieval Environments/Prefabs/Trees/PT_Fruit_Tree_01_dead_cut.prefab
  artifactKey: Guid(d9ec8d9e687cf0648b90ca1157463338) Importer(815301076,1909f56bfc062723c751e8b465ee728b)
Start importing Assets/Polytope Studio/Lowpoly Medieval Environments/Prefabs/Trees/PT_Fruit_Tree_01_dead_cut.prefab using Guid(d9ec8d9e687cf0648b90ca1157463338) Importer(815301076,1909f56bfc062723c751e8b465ee728b)  -> (artifact id: 'e38e3f42cd7719e773527b890ed15c25') in 0.047203 seconds 
  Import took 0.050615 seconds .

========================================================================
Received Import Request.
  Time since last request: 0.000193 seconds.
  path: Assets/Polytope Studio/Lowpoly Medieval Environments/Prefabs/Trees/PT_Fruit_Tree_01_green.prefab
  artifactKey: Guid(d90c349721b4e694fad80a76d87b2578) Importer(815301076,1909f56bfc062723c751e8b465ee728b)
Start importing Assets/Polytope Studio/Lowpoly Medieval Environments/Prefabs/Trees/PT_Fruit_Tree_01_green.prefab using Guid(d90c349721b4e694fad80a76d87b2578) Importer(815301076,1909f56bfc062723c751e8b465ee728b)  -> (artifact id: '674f3f2fdc3091208fd9dd9fd70e4cf1') in 0.060927 seconds 
  Import took 0.079170 seconds .

========================================================================
Received Import Request.
  Time since last request: 0.000766 seconds.
  path: Assets/Polytope Studio/Lowpoly Medieval Environments/Prefabs/Trees/PT_Fruit_Tree_01_logs.prefab
  artifactKey: Guid(3148b0057757c5e49a1d7284d605de90) Importer(815301076,1909f56bfc062723c751e8b465ee728b)
Start importing Assets/Polytope Studio/Lowpoly Medieval Environments/Prefabs/Trees/PT_Fruit_Tree_01_logs.prefab using Guid(3148b0057757c5e49a1d7284d605de90) Importer(815301076,1909f56bfc062723c751e8b465ee728b)  -> (artifact id: '09fd74d66cb35940995264fa9c69a977') in 0.048109 seconds 
  Import took 0.052158 seconds .

========================================================================
Received Import Request.
  Time since last request: 0.000627 seconds.
  path: Assets/Polytope Studio/Lowpoly Medieval Environments/Prefabs/Trees/PT_Pine_Tree_03_logs.prefab
  artifactKey: Guid(a02abe99b557a624ca2316134bc4a270) Importer(815301076,1909f56bfc062723c751e8b465ee728b)
Start importing Assets/Polytope Studio/Lowpoly Medieval Environments/Prefabs/Trees/PT_Pine_Tree_03_logs.prefab using Guid(a02abe99b557a624ca2316134bc4a270) Importer(815301076,1909f56bfc062723c751e8b465ee728b)  -> (artifact id: 'b65aa28e5eca30afe6fda26fccaecb96') in 0.045040 seconds 
  Import took 0.054163 seconds .

========================================================================
Received Import Request.
  Time since last request: 50.099905 seconds.
  path: Assets/Polytope Studio/Lowpoly Medieval Village/Sources
  artifactKey: Guid(db696abb7e2d76c409c7c5cdb95101a0) Importer(815301076,1909f56bfc062723c751e8b465ee728b)
Start importing Assets/Polytope Studio/Lowpoly Medieval Village/Sources using Guid(db696abb7e2d76c409c7c5cdb95101a0) Importer(815301076,1909f56bfc062723c751e8b465ee728b)  -> (artifact id: '3c7ee3c1221af50e1c274ecbf6babf0d') in 0.008153 seconds 
  Import took 0.011207 seconds .

========================================================================
Received Import Request.
  Time since last request: 1.737841 seconds.
  path: Assets/Polytope Studio/Lowpoly Medieval Village/Sources/Materials
  artifactKey: Guid(15516ce43a134df489bc4818fe4f56a0) Importer(815301076,1909f56bfc062723c751e8b465ee728b)
Start importing Assets/Polytope Studio/Lowpoly Medieval Village/Sources/Materials using Guid(15516ce43a134df489bc4818fe4f56a0) Importer(815301076,1909f56bfc062723c751e8b465ee728b)  -> (artifact id: '82f62c6dc2c509127069c3d32d3a4b75') in 0.008880 seconds 
  Import took 0.012216 seconds .

========================================================================
Received Import Request.
  Time since last request: 0.062737 seconds.
  path: Assets/Polytope Studio/Lowpoly Medieval Village/Sources/Materials/PT_Medieval_mat.mat
  artifactKey: Guid(56532089e45dbc1479865e115cc8c637) Importer(815301076,1909f56bfc062723c751e8b465ee728b)
Start importing Assets/Polytope Studio/Lowpoly Medieval Village/Sources/Materials/PT_Medieval_mat.mat using Guid(56532089e45dbc1479865e115cc8c637) Importer(815301076,1909f56bfc062723c751e8b465ee728b)  -> (artifact id: 'a1d4891e954766d5c2b477d7fc86c2ce') in 0.016633 seconds 
  Import took 0.019872 seconds .

========================================================================
Received Import Request.
  Time since last request: 11.460007 seconds.
  path: Assets/Cartoon_Texture_Pack/GRASS
  artifactKey: Guid(7678495fd012edc439fb5528125d6c99) Importer(815301076,1909f56bfc062723c751e8b465ee728b)
Start importing Assets/Cartoon_Texture_Pack/GRASS using Guid(7678495fd012edc439fb5528125d6c99) Importer(815301076,1909f56bfc062723c751e8b465ee728b)  -> (artifact id: '6e55c3296cfcb1c9e664c55b78db7a02') in 0.010838 seconds 
  Import took 0.014347 seconds .

========================================================================
Received Import Request.
  Time since last request: 1.890984 seconds.
  path: Assets/Cartoon_Texture_Pack/GRASS/GRASS_Dense
  artifactKey: Guid(c59516d0dd3db7945867e5751f80f3b2) Importer(815301076,1909f56bfc062723c751e8b465ee728b)
Start importing Assets/Cartoon_Texture_Pack/GRASS/GRASS_Dense using Guid(c59516d0dd3db7945867e5751f80f3b2) Importer(815301076,1909f56bfc062723c751e8b465ee728b)  -> (artifact id: '0ccba1628ee12c585a1a9ce6f85c2297') in 0.010979 seconds 
  Import took 0.014042 seconds .

========================================================================
Received Import Request.
  Time since last request: 1.177142 seconds.
  path: Assets/Cartoon_Texture_Pack/GRASS/GRASS_Dense/GRASS_Dense_Tint_01
  artifactKey: Guid(1eca2105b44efc5478cc82a1176c4e58) Importer(815301076,1909f56bfc062723c751e8b465ee728b)
Start importing Assets/Cartoon_Texture_Pack/GRASS/GRASS_Dense/GRASS_Dense_Tint_01 using Guid(1eca2105b44efc5478cc82a1176c4e58) Importer(815301076,1909f56bfc062723c751e8b465ee728b)  -> (artifact id: '316f33fa603aef04597e124f169e0a07') in 0.009564 seconds 
  Import took 0.012951 seconds .

========================================================================
Received Import Request.
  Time since last request: 0.714500 seconds.
  path: Assets/Cartoon_Texture_Pack/GRASS/GRASS_Dense/GRASS_Dense_Tint_02
  artifactKey: Guid(5f87e0db746ad06429a970b446dc4509) Importer(815301076,1909f56bfc062723c751e8b465ee728b)
Start importing Assets/Cartoon_Texture_Pack/GRASS/GRASS_Dense/GRASS_Dense_Tint_02 using Guid(5f87e0db746ad06429a970b446dc4509) Importer(815301076,1909f56bfc062723c751e8b465ee728b)  -> (artifact id: '33429b2cc299c93226f0fa6c03a09747') in 0.012474 seconds 
  Import took 0.015591 seconds .

========================================================================
Received Import Request.
  Time since last request: 0.705952 seconds.
  path: Assets/Cartoon_Texture_Pack/GRASS/GRASS_Dense/GRASS_Dense_Tint_02/Textures
  artifactKey: Guid(1ff101f8d101bcf4ca743ac580415530) Importer(815301076,1909f56bfc062723c751e8b465ee728b)
Start importing Assets/Cartoon_Texture_Pack/GRASS/GRASS_Dense/GRASS_Dense_Tint_02/Textures using Guid(1ff101f8d101bcf4ca743ac580415530) Importer(815301076,1909f56bfc062723c751e8b465ee728b)  -> (artifact id: 'db57c14b3d75d0e181c23dc244349ee5') in 0.010070 seconds 
  Import took 0.013301 seconds .

========================================================================
Received Import Request.
  Time since last request: 0.958947 seconds.
  path: Assets/Cartoon_Texture_Pack/GRASS/GRASS_Dense/GRASS_Dense_Tint_02/Materials
  artifactKey: Guid(197edbdb5647195468f2ba60ceed2620) Importer(815301076,1909f56bfc062723c751e8b465ee728b)
Start importing Assets/Cartoon_Texture_Pack/GRASS/GRASS_Dense/GRASS_Dense_Tint_02/Materials using Guid(197edbdb5647195468f2ba60ceed2620) Importer(815301076,1909f56bfc062723c751e8b465ee728b)  -> (artifact id: '91665ba9c3cef6b8eea87c9e647206fb') in 0.006913 seconds 
  Import took 0.011574 seconds .

========================================================================
Received Import Request.
  Time since last request: 0.066258 seconds.
  path: Assets/Cartoon_Texture_Pack/GRASS/GRASS_Dense/GRASS_Dense_Tint_02/Materials/Grass_Dense_Tint_02_Base_A.mat
  artifactKey: Guid(2f4f17c51d0df0b4f8b1c94b6cc9a7c8) Importer(815301076,1909f56bfc062723c751e8b465ee728b)
Start importing Assets/Cartoon_Texture_Pack/GRASS/GRASS_Dense/GRASS_Dense_Tint_02/Materials/Grass_Dense_Tint_02_Base_A.mat using Guid(2f4f17c51d0df0b4f8b1c94b6cc9a7c8) Importer(815301076,1909f56bfc062723c751e8b465ee728b)  -> (artifact id: '818a55afa273bfa8569abdab58bff771') in 0.049000 seconds 
  Import took 0.052538 seconds .

========================================================================
Received Import Request.
  Time since last request: 0.000323 seconds.
  path: Assets/Cartoon_Texture_Pack/GRASS/GRASS_Dense/GRASS_Dense_Tint_02/Materials/Grass_Dense_Tint_02_Leaves_B.mat
  artifactKey: Guid(a87ac08e690bb8f4eab5eb0a60502961) Importer(815301076,1909f56bfc062723c751e8b465ee728b)
Start importing Assets/Cartoon_Texture_Pack/GRASS/GRASS_Dense/GRASS_Dense_Tint_02/Materials/Grass_Dense_Tint_02_Leaves_B.mat using Guid(a87ac08e690bb8f4eab5eb0a60502961) Importer(815301076,1909f56bfc062723c751e8b465ee728b)  -> (artifact id: 'dbd3fe3650c8fc582b7e5c0bc45c87bb') in 0.064275 seconds 
  Import took 0.067406 seconds .

========================================================================
Received Import Request.
  Time since last request: 0.000308 seconds.
  path: Assets/Cartoon_Texture_Pack/GRASS/GRASS_Dense/GRASS_Dense_Tint_02/Materials/Grass_Dense_Tint_02_Base_B.mat
  artifactKey: Guid(78a1f99ebf53f0e499adaea8bea793c5) Importer(815301076,1909f56bfc062723c751e8b465ee728b)
Start importing Assets/Cartoon_Texture_Pack/GRASS/GRASS_Dense/GRASS_Dense_Tint_02/Materials/Grass_Dense_Tint_02_Base_B.mat using Guid(78a1f99ebf53f0e499adaea8bea793c5) Importer(815301076,1909f56bfc062723c751e8b465ee728b)  -> (artifact id: '79c469ca2b97fd4ef0e29e1123be845b') in 0.037022 seconds 
  Import took 0.040127 seconds .

========================================================================
Received Import Request.
  Time since last request: 0.000265 seconds.
  path: Assets/Cartoon_Texture_Pack/GRASS/GRASS_Dense/GRASS_Dense_Tint_02/Materials/Grass_Dense_Tint_02_Base_C.mat
  artifactKey: Guid(e64c3036389ea2c45b7120379f426518) Importer(815301076,1909f56bfc062723c751e8b465ee728b)
Start importing Assets/Cartoon_Texture_Pack/GRASS/GRASS_Dense/GRASS_Dense_Tint_02/Materials/Grass_Dense_Tint_02_Base_C.mat using Guid(e64c3036389ea2c45b7120379f426518) Importer(815301076,1909f56bfc062723c751e8b465ee728b)  -> (artifact id: '2bc743bdf4ba4c2bef217a4a1ed6df50') in 0.033628 seconds 
  Import took 0.037406 seconds .

========================================================================
Received Import Request.
  Time since last request: 0.000223 seconds.
  path: Assets/Cartoon_Texture_Pack/GRASS/GRASS_Dense/GRASS_Dense_Tint_02/Materials/Grass_Dense_Tint_02_Leaves_A.mat
  artifactKey: Guid(f009355b42a5ee54d9d51a286520d472) Importer(815301076,1909f56bfc062723c751e8b465ee728b)
Start importing Assets/Cartoon_Texture_Pack/GRASS/GRASS_Dense/GRASS_Dense_Tint_02/Materials/Grass_Dense_Tint_02_Leaves_A.mat using Guid(f009355b42a5ee54d9d51a286520d472) Importer(815301076,1909f56bfc062723c751e8b465ee728b)  -> (artifact id: '38d21293640e02be31e8211baff72c14') in 0.048856 seconds 
  Import took 0.052346 seconds .

========================================================================
Received Import Request.
  Time since last request: 15.893938 seconds.
  path: Assets/Polytope Studio/Lowpoly Medieval Demos/Environment_Free/Terrain/New Terrain.asset
  artifactKey: Guid(e0829138c40f356458f259edb063d67a) Importer(815301076,1909f56bfc062723c751e8b465ee728b)
Start importing Assets/Polytope Studio/Lowpoly Medieval Demos/Environment_Free/Terrain/New Terrain.asset using Guid(e0829138c40f356458f259edb063d67a) Importer(815301076,1909f56bfc062723c751e8b465ee728b) The tree PT_Pine_Tree_03_stump must use the Nature/Soft Occlusion shader. Otherwise billboarding/lighting will not work correctly.
The tree PT_Fruit_Tree_01_logs must use the Nature/Soft Occlusion shader. Otherwise billboarding/lighting will not work correctly.
 -> (artifact id: '4e41e414dad0198ccc5287951281641b') in 0.096487 seconds 
  Import took 0.102985 seconds .

========================================================================
Received Import Request.
  Time since last request: 0.000338 seconds.
  path: Assets/Polytope Studio/Lowpoly Medieval Demos/Environment_Free/Terrain/TerrainData_d3c37e8d-6092-48f4-b81e-93b97326e4d2.asset
  artifactKey: Guid(dbe8ee5abb1344a4e8a8b80348f13db8) Importer(815301076,1909f56bfc062723c751e8b465ee728b)
Start importing Assets/Polytope Studio/Lowpoly Medieval Demos/Environment_Free/Terrain/TerrainData_d3c37e8d-6092-48f4-b81e-93b97326e4d2.asset using Guid(dbe8ee5abb1344a4e8a8b80348f13db8) Importer(815301076,1909f56bfc062723c751e8b465ee728b)  -> (artifact id: '72df9a7e0dd26c058ebb7c00b4540369') in 0.075448 seconds 
  Import took 0.080631 seconds .

========================================================================
Received Import Request.
  Time since last request: 0.000588 seconds.
  path: Assets/Polytope Studio/Lowpoly Medieval Demos/Environment_Free/Terrain/TerrainData_88efe361-6f68-4188-bcd0-e9554ca440b9.asset
  artifactKey: Guid(f2e008cefb3ff674e8c681a3f961fb80) Importer(815301076,1909f56bfc062723c751e8b465ee728b)
Start importing Assets/Polytope Studio/Lowpoly Medieval Demos/Environment_Free/Terrain/TerrainData_88efe361-6f68-4188-bcd0-e9554ca440b9.asset using Guid(f2e008cefb3ff674e8c681a3f961fb80) Importer(815301076,1909f56bfc062723c751e8b465ee728b)  -> (artifact id: 'ece82b01c938e826db2e4f8153efda6a') in 0.062171 seconds 
  Import took 0.067800 seconds .

========================================================================
Received Import Request.
  Time since last request: 0.000271 seconds.
  path: Assets/Polytope Studio/Lowpoly Medieval Demos/Environment_Free/Terrain/TerrainData_832163fb-b19c-4118-97c2-cf0a3b224fca.asset
  artifactKey: Guid(b273ce15435a60644bcd2c174476a708) Importer(815301076,1909f56bfc062723c751e8b465ee728b)
Start importing Assets/Polytope Studio/Lowpoly Medieval Demos/Environment_Free/Terrain/TerrainData_832163fb-b19c-4118-97c2-cf0a3b224fca.asset using Guid(b273ce15435a60644bcd2c174476a708) Importer(815301076,1909f56bfc062723c751e8b465ee728b) The tree PT_Pine_Tree_03_stump must use the Nature/Soft Occlusion shader. Otherwise billboarding/lighting will not work correctly.
The tree PT_Fruit_Tree_01_logs must use the Nature/Soft Occlusion shader. Otherwise billboarding/lighting will not work correctly.
 -> (artifact id: 'a3f5fac229f5a843edc196195df82b3c') in 0.085984 seconds 
  Import took 0.091804 seconds .

========================================================================
Received Import Request.
  Time since last request: 0.000350 seconds.
  path: Assets/Polytope Studio/Lowpoly Medieval Demos/Environment_Free/Terrain/TerrainData_6dc76592-a48a-4163-91df-c29ec1a99c66.asset
  artifactKey: Guid(c40d5572f8d7d6843bd8d20c21f1c0be) Importer(815301076,1909f56bfc062723c751e8b465ee728b)
Start importing Assets/Polytope Studio/Lowpoly Medieval Demos/Environment_Free/Terrain/TerrainData_6dc76592-a48a-4163-91df-c29ec1a99c66.asset using Guid(c40d5572f8d7d6843bd8d20c21f1c0be) Importer(815301076,1909f56bfc062723c751e8b465ee728b)  -> (artifact id: 'e57aef7d8d67ae53ddced7b2d9098c88') in 0.063468 seconds 
  Import took 0.069016 seconds .

========================================================================
Received Import Request.
  Time since last request: 0.000259 seconds.
  path: Assets/Polytope Studio/Lowpoly Medieval Demos/Environment_Free/Terrain/TerrainData_984456c3-d32f-475f-a118-27bb19f92a65.asset
  artifactKey: Guid(abd9fc8a29ea3f549bf82c3d3b8c843f) Importer(815301076,1909f56bfc062723c751e8b465ee728b)
Start importing Assets/Polytope Studio/Lowpoly Medieval Demos/Environment_Free/Terrain/TerrainData_984456c3-d32f-475f-a118-27bb19f92a65.asset using Guid(abd9fc8a29ea3f549bf82c3d3b8c843f) Importer(815301076,1909f56bfc062723c751e8b465ee728b) The tree PT_Pine_Tree_03_stump must use the Nature/Soft Occlusion shader. Otherwise billboarding/lighting will not work correctly.
The tree PT_Fruit_Tree_01_logs must use the Nature/Soft Occlusion shader. Otherwise billboarding/lighting will not work correctly.
 -> (artifact id: '52cf781637eb2fbf5d524cc9f4cf7c4d') in 0.070615 seconds 
  Import took 0.076777 seconds .

========================================================================
Received Import Request.
  Time since last request: 0.000374 seconds.
  path: Assets/Polytope Studio/Lowpoly Medieval Demos/Environment_Free/Terrain/TerrainData_c82c1fc5-a7ad-4f88-a7ff-c071a4dae8e5.asset
  artifactKey: Guid(d9f3564d21751d046890366f3fc55400) Importer(815301076,1909f56bfc062723c751e8b465ee728b)
Start importing Assets/Polytope Studio/Lowpoly Medieval Demos/Environment_Free/Terrain/TerrainData_c82c1fc5-a7ad-4f88-a7ff-c071a4dae8e5.asset using Guid(d9f3564d21751d046890366f3fc55400) Importer(815301076,1909f56bfc062723c751e8b465ee728b)  -> (artifact id: 'a3135515002d5cc1507f51e7f4a1a982') in 0.058692 seconds 
  Import took 0.064081 seconds .

========================================================================
Received Import Request.
  Time since last request: 0.000266 seconds.
  path: Assets/Polytope Studio/Lowpoly Medieval Demos/Environment_Free/Terrain/TerrainData_ff4b5190-b520-4d46-b960-ee1d0967df26.asset
  artifactKey: Guid(3349f3f4495a62f40895e095545b535e) Importer(815301076,1909f56bfc062723c751e8b465ee728b)
Start importing Assets/Polytope Studio/Lowpoly Medieval Demos/Environment_Free/Terrain/TerrainData_ff4b5190-b520-4d46-b960-ee1d0967df26.asset using Guid(3349f3f4495a62f40895e095545b535e) Importer(815301076,1909f56bfc062723c751e8b465ee728b) The tree PT_Pine_Tree_03_stump must use the Nature/Soft Occlusion shader. Otherwise billboarding/lighting will not work correctly.
The tree PT_Fruit_Tree_01_logs must use the Nature/Soft Occlusion shader. Otherwise billboarding/lighting will not work correctly.
 -> (artifact id: '91ebf9a5b24dcc093f474e4d9c85f8d4') in 0.074652 seconds 
  Import took 0.080629 seconds .

========================================================================
Received Import Request.
  Time since last request: 0.000242 seconds.
  path: Assets/Polytope Studio/Lowpoly Medieval Demos/Environment_Free/Terrain/TerrainData_445999c2-5240-4b5c-9394-4cacb62d7eec.asset
  artifactKey: Guid(1587ce82db2499e4185b7701bf0d532b) Importer(815301076,1909f56bfc062723c751e8b465ee728b)
Start importing Assets/Polytope Studio/Lowpoly Medieval Demos/Environment_Free/Terrain/TerrainData_445999c2-5240-4b5c-9394-4cacb62d7eec.asset using Guid(1587ce82db2499e4185b7701bf0d532b) Importer(815301076,1909f56bfc062723c751e8b465ee728b)  -> (artifact id: '86e50d0d3210b4b3aa4ef937fc348af1') in 0.049510 seconds 
  Import took 0.054473 seconds .

========================================================================
Received Import Request.
  Time since last request: 47.484216 seconds.
  path: Assets/Polytope Studio/Lowpoly Medieval Demos/Environment_Free/Terrain
  artifactKey: Guid(64b75df8359bb5441b4442d30015f8b8) Importer(815301076,1909f56bfc062723c751e8b465ee728b)
Start importing Assets/Polytope Studio/Lowpoly Medieval Demos/Environment_Free/Terrain using Guid(64b75df8359bb5441b4442d30015f8b8) Importer(815301076,1909f56bfc062723c751e8b465ee728b)  -> (artifact id: '945eaa00e09a5abbfe2813807aaecc0a') in 0.008841 seconds 
  Import took 0.013010 seconds .

========================================================================
Received Import Request.
  Time since last request: 7.249334 seconds.
  path: Assets/Polytope Studio/Lowpoly Medieval Village/Prefabs/PT_Medieval_Village_Fence_01.prefab
  artifactKey: Guid(2d6aaf9ece74c8e4a9fe0dc776b4334c) Importer(815301076,1909f56bfc062723c751e8b465ee728b)
Start importing Assets/Polytope Studio/Lowpoly Medieval Village/Prefabs/PT_Medieval_Village_Fence_01.prefab using Guid(2d6aaf9ece74c8e4a9fe0dc776b4334c) Importer(815301076,1909f56bfc062723c751e8b465ee728b)  -> (artifact id: '726eb4e0f90a2d2704432914b76ac6c2') in 0.021164 seconds 
  Import took 0.024295 seconds .

========================================================================
Received Import Request.
  Time since last request: 0.000327 seconds.
  path: Assets/Polytope Studio/Lowpoly Medieval Village/Prefabs/PT_Medieval_Village_Fence_05.prefab
  artifactKey: Guid(24ea7397f418a8140982da151fee5829) Importer(815301076,1909f56bfc062723c751e8b465ee728b)
Start importing Assets/Polytope Studio/Lowpoly Medieval Village/Prefabs/PT_Medieval_Village_Fence_05.prefab using Guid(24ea7397f418a8140982da151fee5829) Importer(815301076,1909f56bfc062723c751e8b465ee728b)  -> (artifact id: '31883f6c326fb0d630ac2ad3a3b96982') in 0.024818 seconds 
  Import took 0.027416 seconds .

========================================================================
Received Import Request.
  Time since last request: 0.000345 seconds.
  path: Assets/Polytope Studio/Lowpoly Medieval Village/Prefabs/PT_Medieval_Village_Gate_01.prefab
  artifactKey: Guid(5950102fd8f330c498c62f0e9e22bc1b) Importer(815301076,1909f56bfc062723c751e8b465ee728b)
Start importing Assets/Polytope Studio/Lowpoly Medieval Village/Prefabs/PT_Medieval_Village_Gate_01.prefab using Guid(5950102fd8f330c498c62f0e9e22bc1b) Importer(815301076,1909f56bfc062723c751e8b465ee728b)  -> (artifact id: 'e0e6f366c6a89eb7716b515b7d445a07') in 0.028254 seconds 
  Import took 0.031102 seconds .

========================================================================
Received Import Request.
  Time since last request: 0.000324 seconds.
  path: Assets/Polytope Studio/Lowpoly Medieval Village/Prefabs/PT_Medieval_Village_Fence_03.prefab
  artifactKey: Guid(4bc0b8b152bdcf441a118343c02d5d81) Importer(815301076,1909f56bfc062723c751e8b465ee728b)
Start importing Assets/Polytope Studio/Lowpoly Medieval Village/Prefabs/PT_Medieval_Village_Fence_03.prefab using Guid(4bc0b8b152bdcf441a118343c02d5d81) Importer(815301076,1909f56bfc062723c751e8b465ee728b)  -> (artifact id: '2ae72d292d7ae37fb5c3e874810fc57f') in 0.030868 seconds 
  Import took 0.033516 seconds .

========================================================================
Received Import Request.
  Time since last request: 0.000221 seconds.
  path: Assets/Polytope Studio/Lowpoly Medieval Village/Prefabs/PT_Wooden_Bridge_02.prefab
  artifactKey: Guid(29c774dacdcc73240b0c71228fdc6f2c) Importer(815301076,1909f56bfc062723c751e8b465ee728b)
Start importing Assets/Polytope Studio/Lowpoly Medieval Village/Prefabs/PT_Wooden_Bridge_02.prefab using Guid(29c774dacdcc73240b0c71228fdc6f2c) Importer(815301076,1909f56bfc062723c751e8b465ee728b)  -> (artifact id: '1459b14d6f3abedbe51ee5afbc5e8160') in 0.029291 seconds 
  Import took 0.032049 seconds .

========================================================================
Received Import Request.
  Time since last request: 0.000211 seconds.
  path: Assets/Polytope Studio/Lowpoly Medieval Village/Prefabs/PT_Medieval_Village_Fence_02.prefab
  artifactKey: Guid(0f3413d69b4e3a048869018aed66e3d2) Importer(815301076,1909f56bfc062723c751e8b465ee728b)
Start importing Assets/Polytope Studio/Lowpoly Medieval Village/Prefabs/PT_Medieval_Village_Fence_02.prefab using Guid(0f3413d69b4e3a048869018aed66e3d2) Importer(815301076,1909f56bfc062723c751e8b465ee728b)  -> (artifact id: '303be648eff0a601c025774afe04c60a') in 0.029082 seconds 
  Import took 0.032495 seconds .

========================================================================
Received Import Request.
  Time since last request: 0.000196 seconds.
  path: Assets/Polytope Studio/Lowpoly Medieval Village/Prefabs/PT_Medieval_Village_Fence_04.prefab
  artifactKey: Guid(652f7014d6c823644ad1c083dab25274) Importer(815301076,1909f56bfc062723c751e8b465ee728b)
Start importing Assets/Polytope Studio/Lowpoly Medieval Village/Prefabs/PT_Medieval_Village_Fence_04.prefab using Guid(652f7014d6c823644ad1c083dab25274) Importer(815301076,1909f56bfc062723c751e8b465ee728b)  -> (artifact id: 'cc054869aa82d04ceaa0a33696005e37') in 0.027564 seconds 
  Import took 0.030506 seconds .

========================================================================
Received Import Request.
  Time since last request: 4.558174 seconds.
  path: Assets/Polytope Studio/Lowpoly Medieval Village/Sources/Meshes/PT_Medieval_Village_Fence_01.fbx
  artifactKey: Guid(ed920bad5318ee347ad3e34dd82e273f) Importer(815301076,1909f56bfc062723c751e8b465ee728b)
Start importing Assets/Polytope Studio/Lowpoly Medieval Village/Sources/Meshes/PT_Medieval_Village_Fence_01.fbx using Guid(ed920bad5318ee347ad3e34dd82e273f) Importer(815301076,1909f56bfc062723c751e8b465ee728b)  -> (artifact id: '5275cecde258c9912411b33fa734f49b') in 0.182697 seconds 
  Import took 0.186438 seconds .

========================================================================
Received Import Request.
  Time since last request: 0.000329 seconds.
  path: Assets/Polytope Studio/Lowpoly Medieval Village/Sources/Meshes/PT_Medieval_Village_Fence_05.fbx
  artifactKey: Guid(24a99b8cff644764dab7dd0e2764579c) Importer(815301076,1909f56bfc062723c751e8b465ee728b)
Start importing Assets/Polytope Studio/Lowpoly Medieval Village/Sources/Meshes/PT_Medieval_Village_Fence_05.fbx using Guid(24a99b8cff644764dab7dd0e2764579c) Importer(815301076,1909f56bfc062723c751e8b465ee728b)  -> (artifact id: 'bf0a4c44737e6d766b33ae68e63aed39') in 0.037591 seconds 
  Import took 0.040988 seconds .

========================================================================
Received Import Request.
  Time since last request: 0.000240 seconds.
  path: Assets/Polytope Studio/Lowpoly Medieval Village/Sources/Meshes/PT_Medieval_Village_Fence_04.fbx
  artifactKey: Guid(faaede3d1773ae2488a568c13e10cee4) Importer(815301076,1909f56bfc062723c751e8b465ee728b)
Start importing Assets/Polytope Studio/Lowpoly Medieval Village/Sources/Meshes/PT_Medieval_Village_Fence_04.fbx using Guid(faaede3d1773ae2488a568c13e10cee4) Importer(815301076,1909f56bfc062723c751e8b465ee728b)  -> (artifact id: '394f11e2d515db9549bfaeb93673b181') in 0.030097 seconds 
  Import took 0.033146 seconds .

========================================================================
Received Import Request.
  Time since last request: 0.000197 seconds.
  path: Assets/Polytope Studio/Lowpoly Medieval Village/Sources/Meshes/PT_Medieval_Village_Fence_02.fbx
  artifactKey: Guid(b67d2b761d3397348831d776dbb33e03) Importer(815301076,1909f56bfc062723c751e8b465ee728b)
Start importing Assets/Polytope Studio/Lowpoly Medieval Village/Sources/Meshes/PT_Medieval_Village_Fence_02.fbx using Guid(b67d2b761d3397348831d776dbb33e03) Importer(815301076,1909f56bfc062723c751e8b465ee728b)  -> (artifact id: 'c8f72ef0daa84d74700422390701281f') in 0.023310 seconds 
  Import took 0.026163 seconds .

========================================================================
Received Import Request.
  Time since last request: 0.000191 seconds.
  path: Assets/Polytope Studio/Lowpoly Medieval Village/Sources/Meshes/PT_Wooden_Bridge_02.fbx
  artifactKey: Guid(06585c4a497d08f4591a54ccfdb05bcf) Importer(815301076,1909f56bfc062723c751e8b465ee728b)
Start importing Assets/Polytope Studio/Lowpoly Medieval Village/Sources/Meshes/PT_Wooden_Bridge_02.fbx using Guid(06585c4a497d08f4591a54ccfdb05bcf) Importer(815301076,1909f56bfc062723c751e8b465ee728b)  -> (artifact id: '8cd1393d59d4692dc5cbe764565271d0') in 0.034397 seconds 
  Import took 0.037347 seconds .

========================================================================
Received Import Request.
  Time since last request: 0.000194 seconds.
  path: Assets/Polytope Studio/Lowpoly Medieval Village/Sources/Meshes/PT_Medieval_Village_Gate_01.fbx
  artifactKey: Guid(be10e17a73c475f41849cedee3245fd3) Importer(815301076,1909f56bfc062723c751e8b465ee728b)
Start importing Assets/Polytope Studio/Lowpoly Medieval Village/Sources/Meshes/PT_Medieval_Village_Gate_01.fbx using Guid(be10e17a73c475f41849cedee3245fd3) Importer(815301076,1909f56bfc062723c751e8b465ee728b)  -> (artifact id: '22aa630b58490f5526f19f662d712ae2') in 0.044105 seconds 
  Import took 0.046925 seconds .

========================================================================
Received Import Request.
  Time since last request: 0.000263 seconds.
  path: Assets/Polytope Studio/Lowpoly Medieval Village/Sources/Meshes/PT_Medieval_Village_Fence_03.fbx
  artifactKey: Guid(955f7ab7f12013b42b2aa2e494846f3a) Importer(815301076,1909f56bfc062723c751e8b465ee728b)
Start importing Assets/Polytope Studio/Lowpoly Medieval Village/Sources/Meshes/PT_Medieval_Village_Fence_03.fbx using Guid(955f7ab7f12013b42b2aa2e494846f3a) Importer(815301076,1909f56bfc062723c751e8b465ee728b)  -> (artifact id: '9640e25243b5c8a76ac9feeafcea55d6') in 0.021450 seconds 
  Import took 0.024692 seconds .

========================================================================
Received Import Request.
  Time since last request: 2.074204 seconds.
  path: Assets/Polytope Studio/Lowpoly Medieval Village/Sources/Textures/PT_Medieval_texture.tga
  artifactKey: Guid(16357eda3fc18dd459a8218b92769643) Importer(815301076,1909f56bfc062723c751e8b465ee728b)
Start importing Assets/Polytope Studio/Lowpoly Medieval Village/Sources/Textures/PT_Medieval_texture.tga using Guid(16357eda3fc18dd459a8218b92769643) Importer(815301076,1909f56bfc062723c751e8b465ee728b)  -> (artifact id: '8e2c3af04b2120f1b8a074b0581ceee0') in 0.014159 seconds 
  Import took 0.018034 seconds .

========================================================================
Received Import Request.
  Time since last request: 6.914524 seconds.
  path: Assets/Polytope Studio/Lowpoly Medieval Environments/Prefabs/Plants/PT_Grass_02.prefab
  artifactKey: Guid(82b2c64f4e2d5264bbf0f909cadda2fa) Importer(815301076,1909f56bfc062723c751e8b465ee728b)
Start importing Assets/Polytope Studio/Lowpoly Medieval Environments/Prefabs/Plants/PT_Grass_02.prefab using Guid(82b2c64f4e2d5264bbf0f909cadda2fa) Importer(815301076,1909f56bfc062723c751e8b465ee728b)  -> (artifact id: 'aa45a937db855d7d3ed94e36b364e62c') in 0.186079 seconds 
  Import took 0.189778 seconds .

========================================================================
Received Import Request.
  Time since last request: 89.266312 seconds.
  path: Assets/Polytope Studio/Lowpoly Medieval Environments/Sources/Textures/PT_Fruit_Tree_Leaves_01.png
  artifactKey: Guid(d2f321fff7f05aa49ad106541e997dd3) Importer(815301076,1909f56bfc062723c751e8b465ee728b)
Start importing Assets/Polytope Studio/Lowpoly Medieval Environments/Sources/Textures/PT_Fruit_Tree_Leaves_01.png using Guid(d2f321fff7f05aa49ad106541e997dd3) Importer(815301076,1909f56bfc062723c751e8b465ee728b)  -> (artifact id: '11e2b0956b44b278e814d284d584247e') in 0.112630 seconds 
  Import took 0.119872 seconds .

========================================================================
Received Import Request.
  Time since last request: 0.000198 seconds.
  path: Assets/Polytope Studio/Lowpoly Medieval Environments/Sources/Textures/PT_Runes_02.png
  artifactKey: Guid(d329461fd2714384088c78ea5f4c2765) Importer(815301076,1909f56bfc062723c751e8b465ee728b)
Start importing Assets/Polytope Studio/Lowpoly Medieval Environments/Sources/Textures/PT_Runes_02.png using Guid(d329461fd2714384088c78ea5f4c2765) Importer(815301076,1909f56bfc062723c751e8b465ee728b)  -> (artifact id: '13e15bb560102df9a72f80bf7a1a9ed2') in 0.049517 seconds 
  Import took 0.060570 seconds .

========================================================================
Received Import Request.
  Time since last request: 0.000777 seconds.
  path: Assets/Polytope Studio/Lowpoly Medieval Environments/Sources/Textures/PT_Water_NM_01.png
  artifactKey: Guid(a78adb8868cccbe4a92d9d81db916e6e) Importer(815301076,1909f56bfc062723c751e8b465ee728b)
Start importing Assets/Polytope Studio/Lowpoly Medieval Environments/Sources/Textures/PT_Water_NM_01.png using Guid(a78adb8868cccbe4a92d9d81db916e6e) Importer(815301076,1909f56bfc062723c751e8b465ee728b)  -> (artifact id: 'b59277d914c8f8d7be380b31b9ca2d7c') in 0.060393 seconds 
  Import took 0.068405 seconds .

========================================================================
Received Import Request.
  Time since last request: 0.002450 seconds.
  path: Assets/Polytope Studio/Lowpoly Medieval Environments/Sources/Textures/PT_Skybox_Texture_01.png
  artifactKey: Guid(d8b9a114dc91e7d4e9885d54ca9d957f) Importer(815301076,1909f56bfc062723c751e8b465ee728b)
Start importing Assets/Polytope Studio/Lowpoly Medieval Environments/Sources/Textures/PT_Skybox_Texture_01.png using Guid(d8b9a114dc91e7d4e9885d54ca9d957f) Importer(815301076,1909f56bfc062723c751e8b465ee728b)  -> (artifact id: 'ab38810a4c746547c37931afa91993b9') in 0.088324 seconds 
  Import took 0.093816 seconds .

========================================================================
Received Import Request.
  Time since last request: 0.000220 seconds.
  path: Assets/Polytope Studio/Lowpoly Medieval Environments/Sources/Textures/PT_Rocks_01.png
  artifactKey: Guid(a195a893970f3ab4990bd06e18a0b308) Importer(815301076,1909f56bfc062723c751e8b465ee728b)
Start importing Assets/Polytope Studio/Lowpoly Medieval Environments/Sources/Textures/PT_Rocks_01.png using Guid(a195a893970f3ab4990bd06e18a0b308) Importer(815301076,1909f56bfc062723c751e8b465ee728b)  -> (artifact id: '5258e5a1836014ef7b9d0d2707fbda02') in 0.031245 seconds 
  Import took 0.035060 seconds .

========================================================================
Received Import Request.
  Time since last request: 0.000262 seconds.
  path: Assets/Polytope Studio/Lowpoly Medieval Environments/Sources/Textures/PT_Pine_Tree_01.png
  artifactKey: Guid(47c82777887e3fc46bc141849b1b3ccb) Importer(815301076,1909f56bfc062723c751e8b465ee728b)
Start importing Assets/Polytope Studio/Lowpoly Medieval Environments/Sources/Textures/PT_Pine_Tree_01.png using Guid(47c82777887e3fc46bc141849b1b3ccb) Importer(815301076,1909f56bfc062723c751e8b465ee728b)  -> (artifact id: 'ff02385b7c19c55b2bf1b826152d9f2b') in 0.027577 seconds 
  Import took 0.030813 seconds .

========================================================================
Received Import Request.
  Time since last request: 0.000268 seconds.
  path: Assets/Polytope Studio/Lowpoly Medieval Environments/Sources/Textures/PT_Mushrooms_01.png
  artifactKey: Guid(9a9ed1d4f54a1ce4a9331c6a1a926976) Importer(815301076,1909f56bfc062723c751e8b465ee728b)
Start importing Assets/Polytope Studio/Lowpoly Medieval Environments/Sources/Textures/PT_Mushrooms_01.png using Guid(9a9ed1d4f54a1ce4a9331c6a1a926976) Importer(815301076,1909f56bfc062723c751e8b465ee728b)  -> (artifact id: '7b26b4d1e019615fd5d0ef5198625518') in 0.040758 seconds 
  Import took 0.048205 seconds .

========================================================================
Received Import Request.
  Time since last request: 0.000257 seconds.
  path: Assets/Mountains.asset
  artifactKey: Guid(74649d86258cb1246913c4b252a7023f) Importer(815301076,1909f56bfc062723c751e8b465ee728b)
Start importing Assets/Mountains.asset using Guid(74649d86258cb1246913c4b252a7023f) Importer(815301076,1909f56bfc062723c751e8b465ee728b)  -> (artifact id: '0154c695debac1697cd5539a449f3194') in 0.043535 seconds 
  Import took 0.051653 seconds .

========================================================================
Received Import Request.
  Time since last request: 0.000255 seconds.
  path: Assets/Polytope Studio/Lowpoly Medieval Environments/Sources/Textures/PT_Tree_Trunk_01.png
  artifactKey: Guid(5733ec0c27e7c9d41a230d27ca7b85d4) Importer(815301076,1909f56bfc062723c751e8b465ee728b)
Start importing Assets/Polytope Studio/Lowpoly Medieval Environments/Sources/Textures/PT_Tree_Trunk_01.png using Guid(5733ec0c27e7c9d41a230d27ca7b85d4) Importer(815301076,1909f56bfc062723c751e8b465ee728b)  -> (artifact id: 'bc00ce7fb0f4655b7b1bcf42ee0e4f93') in 0.026437 seconds 
  Import took 0.087998 seconds .

========================================================================
Received Import Request.
  Time since last request: 0.000199 seconds.
  path: Assets/Polytope Studio/Lowpoly Medieval Environments/Sources/Textures/PT_Poppy_01.png
  artifactKey: Guid(e0eab39b8993b684dbb9800cf1151d33) Importer(815301076,1909f56bfc062723c751e8b465ee728b)
Start importing Assets/Polytope Studio/Lowpoly Medieval Environments/Sources/Textures/PT_Poppy_01.png using Guid(e0eab39b8993b684dbb9800cf1151d33) Importer(815301076,1909f56bfc062723c751e8b465ee728b)  -> (artifact id: '69b1a0d69cbaa8b8c41903c79cd63bbd') in 0.029692 seconds 
  Import took 0.034167 seconds .

========================================================================
Received Import Request.
  Time since last request: 2.137009 seconds.
  path: Assets/Polytope Studio/Lowpoly Medieval Environments/Sources/Textures/PT_Ground_Generic_03.png
  artifactKey: Guid(e0b09c625cee17a48b22b2cf949cd320) Importer(815301076,1909f56bfc062723c751e8b465ee728b)
Start importing Assets/Polytope Studio/Lowpoly Medieval Environments/Sources/Textures/PT_Ground_Generic_03.png using Guid(e0b09c625cee17a48b22b2cf949cd320) Importer(815301076,1909f56bfc062723c751e8b465ee728b)  -> (artifact id: '05d8c5ea4a64619e31baad0c5c843d89') in 0.041375 seconds 
  Import took 0.049355 seconds .

========================================================================
Received Import Request.
  Time since last request: 0.000352 seconds.
  path: Assets/Polytope Studio/Lowpoly Medieval Environments/Sources/Textures/PT_Grass_High_02.png
  artifactKey: Guid(4781e48c31bdfb74da8ba377aea81283) Importer(815301076,1909f56bfc062723c751e8b465ee728b)
Start importing Assets/Polytope Studio/Lowpoly Medieval Environments/Sources/Textures/PT_Grass_High_02.png using Guid(4781e48c31bdfb74da8ba377aea81283) Importer(815301076,1909f56bfc062723c751e8b465ee728b)  -> (artifact id: 'a0cbd41240c50c969895d962414c83d6') in 0.093354 seconds 
  Import took 0.099399 seconds .

========================================================================
Received Import Request.
  Time since last request: 0.000225 seconds.
  path: Assets/Polytope Studio/Lowpoly Medieval Environments/Sources/Textures/PT_Ground_Grass_Green_01.png
  artifactKey: Guid(8c75ba30e5f76df4fb30725e4c9bf38a) Importer(815301076,1909f56bfc062723c751e8b465ee728b)
Start importing Assets/Polytope Studio/Lowpoly Medieval Environments/Sources/Textures/PT_Ground_Grass_Green_01.png using Guid(8c75ba30e5f76df4fb30725e4c9bf38a) Importer(815301076,1909f56bfc062723c751e8b465ee728b)  -> (artifact id: 'f844e880f1acec0af931e9140a2d8722') in 0.050054 seconds 
  Import took 0.063640 seconds .

========================================================================
Received Import Request.
  Time since last request: 0.000239 seconds.
  path: Assets/Polytope Studio/Lowpoly Medieval Environments/Sources/Textures/PT_Grass_02.png
  artifactKey: Guid(f2a86d9c4950f4c4e81271677d2e2624) Importer(815301076,1909f56bfc062723c751e8b465ee728b)
Start importing Assets/Polytope Studio/Lowpoly Medieval Environments/Sources/Textures/PT_Grass_02.png using Guid(f2a86d9c4950f4c4e81271677d2e2624) Importer(815301076,1909f56bfc062723c751e8b465ee728b)  -> (artifact id: '17fce01f3776a95f1828f69979efdc32') in 0.052388 seconds 
  Import took 0.070157 seconds .

========================================================================
Received Import Request.
  Time since last request: 0.000858 seconds.
  path: Assets/Polytope Studio/Lowpoly Medieval Environments/Sources/Textures/PT_Grass_High_03.png
  artifactKey: Guid(4d7ad2aaddf58dc4e8dc116239a8d744) Importer(815301076,1909f56bfc062723c751e8b465ee728b)
Start importing Assets/Polytope Studio/Lowpoly Medieval Environments/Sources/Textures/PT_Grass_High_03.png using Guid(4d7ad2aaddf58dc4e8dc116239a8d744) Importer(815301076,1909f56bfc062723c751e8b465ee728b)  -> (artifact id: '5e98a932827b641b79d6bc6b88ff1dba') in 0.070770 seconds 
  Import took 0.081032 seconds .

========================================================================
Received Import Request.
  Time since last request: 0.000223 seconds.
  path: Assets/Polytope Studio/Lowpoly Medieval Environments/Sources/Textures/PT_Grass_High_01.png
  artifactKey: Guid(b458cb1c79cb9894196830046f2621fa) Importer(815301076,1909f56bfc062723c751e8b465ee728b)
Start importing Assets/Polytope Studio/Lowpoly Medieval Environments/Sources/Textures/PT_Grass_High_01.png using Guid(b458cb1c79cb9894196830046f2621fa) Importer(815301076,1909f56bfc062723c751e8b465ee728b)  -> (artifact id: '11c2bc91b57ebe31533a40a6caa4a19b') in 0.099329 seconds 
  Import took 0.126746 seconds .

========================================================================
Received Import Request.
  Time since last request: 0.000390 seconds.
  path: Assets/Polytope Studio/Lowpoly Medieval Environments/Sources/Textures/PT_Generic_Tree_Leaves_01.png
  artifactKey: Guid(f2ee3ef6a109f0f4b8bfd6f7c1e310f4) Importer(815301076,1909f56bfc062723c751e8b465ee728b)
Start importing Assets/Polytope Studio/Lowpoly Medieval Environments/Sources/Textures/PT_Generic_Tree_Leaves_01.png using Guid(f2ee3ef6a109f0f4b8bfd6f7c1e310f4) Importer(815301076,1909f56bfc062723c751e8b465ee728b)  -> (artifact id: '3cb20bc5a524060c9b89dedaacf437d3') in 0.063596 seconds 
  Import took 0.068834 seconds .

========================================================================
Received Import Request.
  Time since last request: 0.000276 seconds.
  path: Assets/Polytope Studio/Lowpoly Medieval Environments/Sources/Textures/PT_Grass_03.png
  artifactKey: Guid(44ec7a3e14f0b854d8926cad83222db5) Importer(815301076,1909f56bfc062723c751e8b465ee728b)
Start importing Assets/Polytope Studio/Lowpoly Medieval Environments/Sources/Textures/PT_Grass_03.png using Guid(44ec7a3e14f0b854d8926cad83222db5) Importer(815301076,1909f56bfc062723c751e8b465ee728b)  -> (artifact id: 'a8ec3589192c169b61cceb4f3e811717') in 0.033888 seconds 
  Import took 0.041865 seconds .

========================================================================
Received Import Request.
  Time since last request: 0.000235 seconds.
  path: Assets/Polytope Studio/Lowpoly Medieval Environments/Sources/Textures/PT_Grass_01.png
  artifactKey: Guid(1b92b31acbcdce24ba9dc6d01dbc2e84) Importer(815301076,1909f56bfc062723c751e8b465ee728b)
Start importing Assets/Polytope Studio/Lowpoly Medieval Environments/Sources/Textures/PT_Grass_01.png using Guid(1b92b31acbcdce24ba9dc6d01dbc2e84) Importer(815301076,1909f56bfc062723c751e8b465ee728b)  -> (artifact id: '9e6eb87f2a810cf4ea30e67c33ed0374') in 0.029537 seconds 
  Import took 0.032806 seconds .

========================================================================
Received Prepare
Registering precompiled user dll's ...
Registered in 0.024915 seconds.
Begin MonoManager ReloadAssembly
Native extension for Lumin target not found
Native extension for LinuxStandalone target not found
Native extension for WindowsStandalone target not found
Native extension for OSXStandalone target not found
Native extension for WebGL target not found
Refreshing native plugins compatible for Editor in 0.53 ms, found 2 plugins.
Preloading 0 native plugins for Editor in 0.00 ms.
Mono: successfully reloaded assembly
- Completed reload, in  1.606 seconds
Domain Reload Profiling:
	ReloadAssembly (1607ms)
		BeginReloadAssembly (211ms)
			ExecutionOrderSort (0ms)
			DisableScriptedObjects (6ms)
			BackupInstance (0ms)
			ReleaseScriptingObjects (0ms)
			CreateAndSetChildDomain (53ms)
		EndReloadAssembly (1265ms)
			LoadAssemblies (195ms)
			RebuildTransferFunctionScriptingTraits (0ms)
			SetupTypeCache (429ms)
			ReleaseScriptCaches (1ms)
			RebuildScriptCaches (63ms)
			SetupLoadedEditorAssemblies (460ms)
				LogAssemblyErrors (0ms)
				InitializePlatformSupportModulesInManaged (13ms)
				SetLoadedEditorAssemblies (1ms)
				RefreshPlugins (1ms)
				BeforeProcessingInitializeOnLoad (153ms)
				ProcessInitializeOnLoadAttributes (263ms)
				ProcessInitializeOnLoadMethodAttributes (12ms)
				AfterProcessingInitializeOnLoad (18ms)
				EditorAssembliesLoaded (0ms)
			ExecutionOrderSort2 (0ms)
			AwakeInstancesAfterBackupRestoration (11ms)
Platform modules already initialized, skipping
Refreshing native plugins compatible for Editor in 1.02 ms, found 2 plugins.
Preloading 0 native plugins for Editor in 0.00 ms.
Unloading 1513 Unused Serialized files (Serialized files now loaded: 0)
System memory in use before: 147.7 MB.
System memory in use after: 106.0 MB.

Unloading 21 unused Assets to reduce memory usage. Loaded Objects now: 2025.
Total: 9.757000 ms (FindLiveObjects: 0.172900 ms CreateObjectMapping: 0.073600 ms MarkObjects: 4.328700 ms  DeleteObjects: 5.174500 ms)

AssetImportParameters requested are different than current active one (requested -> active):
  custom:framework-win-MediaFoundation: 216162199b28c13a410421893ffa2e32 -> 
  custom:video-decoder-ogg-theora: a1e56fd34408186e4bbccfd4996cb3dc -> 
  custom:container-muxer-webm: aa71ff27fc2769a1b78a27578f13a17b -> 
  custom:container-demuxer-webm: 4f35f7cbe854078d1ac9338744f61a02 -> 
  custom:container-demuxer-ogg: 62fdf1f143b41e24485cea50d1cbac27 -> 
  custom:video-encoder-webm-vp8: eb34c28f22e8b96e1ab97ce403110664 -> 
  custom:video-decoder-webm-vp8: 9c59270c3fd7afecdb556c50c9e8de78 -> 
  custom:audio-decoder-ogg-vorbis: bf7c407c2cedff20999df2af8eb42d56 -> 
  custom:audio-encoder-webm-vorbis: bf7c407c2cedff20999df2af8eb42d56 -> 
========================================================================
Received Prepare
Registering precompiled user dll's ...
Registered in 0.015465 seconds.
Begin MonoManager ReloadAssembly
Native extension for Lumin target not found
Native extension for LinuxStandalone target not found
Native extension for WindowsStandalone target not found
Native extension for OSXStandalone target not found
Native extension for WebGL target not found
Refreshing native plugins compatible for Editor in 0.98 ms, found 2 plugins.
Preloading 0 native plugins for Editor in 0.00 ms.
Mono: successfully reloaded assembly
- Completed reload, in  1.900 seconds
Domain Reload Profiling:
	ReloadAssembly (1901ms)
		BeginReloadAssembly (282ms)
			ExecutionOrderSort (0ms)
			DisableScriptedObjects (6ms)
			BackupInstance (0ms)
			ReleaseScriptingObjects (0ms)
			CreateAndSetChildDomain (56ms)
		EndReloadAssembly (1412ms)
			LoadAssemblies (319ms)
			RebuildTransferFunctionScriptingTraits (0ms)
			SetupTypeCache (573ms)
			ReleaseScriptCaches (1ms)
			RebuildScriptCaches (56ms)
			SetupLoadedEditorAssemblies (422ms)
				LogAssemblyErrors (0ms)
				InitializePlatformSupportModulesInManaged (12ms)
				SetLoadedEditorAssemblies (2ms)
				RefreshPlugins (1ms)
				BeforeProcessingInitializeOnLoad (131ms)
				ProcessInitializeOnLoadAttributes (248ms)
				ProcessInitializeOnLoadMethodAttributes (11ms)
				AfterProcessingInitializeOnLoad (17ms)
				EditorAssembliesLoaded (0ms)
			ExecutionOrderSort2 (0ms)
			AwakeInstancesAfterBackupRestoration (9ms)
Platform modules already initialized, skipping
Refreshing native plugins compatible for Editor in 0.48 ms, found 2 plugins.
Preloading 0 native plugins for Editor in 0.00 ms.
Unloading 1508 Unused Serialized files (Serialized files now loaded: 0)
System memory in use before: 147.2 MB.
System memory in use after: 105.5 MB.

Unloading 21 unused Assets to reduce memory usage. Loaded Objects now: 2027.
Total: 6.976900 ms (FindLiveObjects: 0.180900 ms CreateObjectMapping: 0.062400 ms MarkObjects: 2.898300 ms  DeleteObjects: 3.834200 ms)

AssetImportParameters requested are different than current active one (requested -> active):
  custom:framework-win-MediaFoundation: 216162199b28c13a410421893ffa2e32 -> 
  custom:video-decoder-ogg-theora: a1e56fd34408186e4bbccfd4996cb3dc -> 
  custom:container-muxer-webm: aa71ff27fc2769a1b78a27578f13a17b -> 
  custom:container-demuxer-webm: 4f35f7cbe854078d1ac9338744f61a02 -> 
  custom:container-demuxer-ogg: 62fdf1f143b41e24485cea50d1cbac27 -> 
  custom:video-encoder-webm-vp8: eb34c28f22e8b96e1ab97ce403110664 -> 
  custom:video-decoder-webm-vp8: 9c59270c3fd7afecdb556c50c9e8de78 -> 
  custom:audio-decoder-ogg-vorbis: bf7c407c2cedff20999df2af8eb42d56 -> 
  custom:audio-encoder-webm-vorbis: bf7c407c2cedff20999df2af8eb42d56 -> 
========================================================================
Received Prepare
Registering precompiled user dll's ...
Registered in 0.031023 seconds.
Begin MonoManager ReloadAssembly
Native extension for Lumin target not found
Native extension for LinuxStandalone target not found
Native extension for WindowsStandalone target not found
Native extension for OSXStandalone target not found
Native extension for WebGL target not found
Refreshing native plugins compatible for Editor in 0.60 ms, found 2 plugins.
Preloading 0 native plugins for Editor in 0.00 ms.
Mono: successfully reloaded assembly
- Completed reload, in  3.739 seconds
Domain Reload Profiling:
	ReloadAssembly (3739ms)
		BeginReloadAssembly (731ms)
			ExecutionOrderSort (0ms)
			DisableScriptedObjects (8ms)
			BackupInstance (0ms)
			ReleaseScriptingObjects (0ms)
			CreateAndSetChildDomain (50ms)
		EndReloadAssembly (2636ms)
			LoadAssemblies (719ms)
			RebuildTransferFunctionScriptingTraits (0ms)
			SetupTypeCache (768ms)
			ReleaseScriptCaches (1ms)
			RebuildScriptCaches (120ms)
			SetupLoadedEditorAssemblies (1242ms)
				LogAssemblyErrors (0ms)
				InitializePlatformSupportModulesInManaged (67ms)
				SetLoadedEditorAssemblies (1ms)
				RefreshPlugins (1ms)
				BeforeProcessingInitializeOnLoad (201ms)
				ProcessInitializeOnLoadAttributes (903ms)
				ProcessInitializeOnLoadMethodAttributes (31ms)
				AfterProcessingInitializeOnLoad (39ms)
				EditorAssembliesLoaded (0ms)
			ExecutionOrderSort2 (0ms)
			AwakeInstancesAfterBackupRestoration (24ms)
Platform modules already initialized, skipping
Refreshing native plugins compatible for Editor in 1.05 ms, found 2 plugins.
Preloading 0 native plugins for Editor in 0.00 ms.
Unloading 1508 Unused Serialized files (Serialized files now loaded: 0)
System memory in use before: 147.2 MB.
System memory in use after: 105.5 MB.

Unloading 21 unused Assets to reduce memory usage. Loaded Objects now: 2029.
Total: 9.413300 ms (FindLiveObjects: 0.630700 ms CreateObjectMapping: 0.081900 ms MarkObjects: 4.513700 ms  DeleteObjects: 4.185500 ms)

AssetImportParameters requested are different than current active one (requested -> active):
  custom:framework-win-MediaFoundation: 216162199b28c13a410421893ffa2e32 -> 
  custom:video-decoder-ogg-theora: a1e56fd34408186e4bbccfd4996cb3dc -> 
  custom:container-muxer-webm: aa71ff27fc2769a1b78a27578f13a17b -> 
  custom:container-demuxer-webm: 4f35f7cbe854078d1ac9338744f61a02 -> 
  custom:container-demuxer-ogg: 62fdf1f143b41e24485cea50d1cbac27 -> 
  custom:video-encoder-webm-vp8: eb34c28f22e8b96e1ab97ce403110664 -> 
  custom:video-decoder-webm-vp8: 9c59270c3fd7afecdb556c50c9e8de78 -> 
  custom:audio-decoder-ogg-vorbis: bf7c407c2cedff20999df2af8eb42d56 -> 
  custom:audio-encoder-webm-vorbis: bf7c407c2cedff20999df2af8eb42d56 -> 
========================================================================
Received Prepare
Registering precompiled user dll's ...
Registered in 0.030451 seconds.
Begin MonoManager ReloadAssembly
Native extension for Lumin target not found
Native extension for LinuxStandalone target not found
Native extension for WindowsStandalone target not found
Native extension for OSXStandalone target not found
Native extension for WebGL target not found
Refreshing native plugins compatible for Editor in 1.53 ms, found 2 plugins.
Preloading 0 native plugins for Editor in 0.00 ms.
Mono: successfully reloaded assembly
- Completed reload, in  3.375 seconds
Domain Reload Profiling:
	ReloadAssembly (3376ms)
		BeginReloadAssembly (610ms)
			ExecutionOrderSort (0ms)
			DisableScriptedObjects (49ms)
			BackupInstance (0ms)
			ReleaseScriptingObjects (0ms)
			CreateAndSetChildDomain (216ms)
		EndReloadAssembly (2578ms)
			LoadAssemblies (363ms)
			RebuildTransferFunctionScriptingTraits (0ms)
			SetupTypeCache (1018ms)
			ReleaseScriptCaches (2ms)
			RebuildScriptCaches (223ms)
			SetupLoadedEditorAssemblies (823ms)
				LogAssemblyErrors (0ms)
				InitializePlatformSupportModulesInManaged (35ms)
				SetLoadedEditorAssemblies (1ms)
				RefreshPlugins (2ms)
				BeforeProcessingInitializeOnLoad (322ms)
				ProcessInitializeOnLoadAttributes (388ms)
				ProcessInitializeOnLoadMethodAttributes (43ms)
				AfterProcessingInitializeOnLoad (31ms)
				EditorAssembliesLoaded (0ms)
			ExecutionOrderSort2 (0ms)
			AwakeInstancesAfterBackupRestoration (16ms)
Platform modules already initialized, skipping
Refreshing native plugins compatible for Editor in 0.59 ms, found 2 plugins.
Preloading 0 native plugins for Editor in 0.00 ms.
Unloading 1508 Unused Serialized files (Serialized files now loaded: 0)
System memory in use before: 147.2 MB.
System memory in use after: 105.5 MB.

Unloading 21 unused Assets to reduce memory usage. Loaded Objects now: 2031.
Total: 9.037600 ms (FindLiveObjects: 0.172700 ms CreateObjectMapping: 0.070600 ms MarkObjects: 3.580600 ms  DeleteObjects: 5.212500 ms)

AssetImportParameters requested are different than current active one (requested -> active):
  custom:framework-win-MediaFoundation: 216162199b28c13a410421893ffa2e32 -> 
  custom:video-decoder-ogg-theora: a1e56fd34408186e4bbccfd4996cb3dc -> 
  custom:container-muxer-webm: aa71ff27fc2769a1b78a27578f13a17b -> 
  custom:container-demuxer-webm: 4f35f7cbe854078d1ac9338744f61a02 -> 
  custom:container-demuxer-ogg: 62fdf1f143b41e24485cea50d1cbac27 -> 
  custom:video-encoder-webm-vp8: eb34c28f22e8b96e1ab97ce403110664 -> 
  custom:video-decoder-webm-vp8: 9c59270c3fd7afecdb556c50c9e8de78 -> 
  custom:audio-decoder-ogg-vorbis: bf7c407c2cedff20999df2af8eb42d56 -> 
  custom:audio-encoder-webm-vorbis: bf7c407c2cedff20999df2af8eb42d56 -> 
========================================================================
Received Prepare
Registering precompiled user dll's ...
Registered in 0.010027 seconds.
Begin MonoManager ReloadAssembly
Native extension for Lumin target not found
Native extension for LinuxStandalone target not found
Native extension for WindowsStandalone target not found
Native extension for OSXStandalone target not found
Native extension for WebGL target not found
Refreshing native plugins compatible for Editor in 0.49 ms, found 2 plugins.
Preloading 0 native plugins for Editor in 0.00 ms.
Mono: successfully reloaded assembly
- Completed reload, in  1.480 seconds
Domain Reload Profiling:
	ReloadAssembly (1480ms)
		BeginReloadAssembly (168ms)
			ExecutionOrderSort (0ms)
			DisableScriptedObjects (5ms)
			BackupInstance (0ms)
			ReleaseScriptingObjects (0ms)
			CreateAndSetChildDomain (38ms)
		EndReloadAssembly (1202ms)
			LoadAssemblies (152ms)
			RebuildTransferFunctionScriptingTraits (0ms)
			SetupTypeCache (358ms)
			ReleaseScriptCaches (2ms)
			RebuildScriptCaches (70ms)
			SetupLoadedEditorAssemblies (472ms)
				LogAssemblyErrors (0ms)
				InitializePlatformSupportModulesInManaged (14ms)
				SetLoadedEditorAssemblies (1ms)
				RefreshPlugins (1ms)
				BeforeProcessingInitializeOnLoad (141ms)
				ProcessInitializeOnLoadAttributes (280ms)
				ProcessInitializeOnLoadMethodAttributes (13ms)
				AfterProcessingInitializeOnLoad (22ms)
				EditorAssembliesLoaded (0ms)
			ExecutionOrderSort2 (0ms)
			AwakeInstancesAfterBackupRestoration (12ms)
Platform modules already initialized, skipping
Refreshing native plugins compatible for Editor in 0.49 ms, found 2 plugins.
Preloading 0 native plugins for Editor in 0.00 ms.
Unloading 1508 Unused Serialized files (Serialized files now loaded: 0)
System memory in use before: 147.2 MB.
System memory in use after: 105.5 MB.

Unloading 21 unused Assets to reduce memory usage. Loaded Objects now: 2033.
Total: 7.127900 ms (FindLiveObjects: 0.172300 ms CreateObjectMapping: 0.070400 ms MarkObjects: 3.284600 ms  DeleteObjects: 3.599500 ms)

AssetImportParameters requested are different than current active one (requested -> active):
  custom:framework-win-MediaFoundation: 216162199b28c13a410421893ffa2e32 -> 
  custom:video-decoder-ogg-theora: a1e56fd34408186e4bbccfd4996cb3dc -> 
  custom:container-muxer-webm: aa71ff27fc2769a1b78a27578f13a17b -> 
  custom:container-demuxer-webm: 4f35f7cbe854078d1ac9338744f61a02 -> 
  custom:container-demuxer-ogg: 62fdf1f143b41e24485cea50d1cbac27 -> 
  custom:video-encoder-webm-vp8: eb34c28f22e8b96e1ab97ce403110664 -> 
  custom:video-decoder-webm-vp8: 9c59270c3fd7afecdb556c50c9e8de78 -> 
  custom:audio-decoder-ogg-vorbis: bf7c407c2cedff20999df2af8eb42d56 -> 
  custom:audio-encoder-webm-vorbis: bf7c407c2cedff20999df2af8eb42d56 -> 
